<?xml version="1.0" encoding="UTF-8"?>
<!-- Generated by org.testng.reporters.JUnitXMLReporter -->
<testsuite hostname="BWAW_500" name="Default test" tests="10" failures="0" timestamp="4 Jan 2018 12:29:34 GMT" time="60.395" errors="0">
  <testcase name="LunchLuxmed1" time="5.79" classname="org.Test.TestTest.TestLuxmedPacjentPediatriaAllSpecialists"/>
  <testcase name="ChosePacjent1" time="9.193" classname="org.Test.TestTest.TestLuxmedPacjentPediatriaAllSpecialists"/>
  <testcase name="CheckUrl1" time="0.27" classname="org.Test.TestTest.TestLuxmedPacjentPediatriaAllSpecialists"/>
  <testcase name="ClickRezerwacja1" time="3.235" classname="org.Test.TestTest.TestLuxmedPacjentPediatriaAllSpecialists"/>
  <testcase name="ChoseRodzajRezerwacji1" time="1.542" classname="org.Test.TestTest.TestLuxmedPacjentPediatriaAllSpecialists"/>
  <testcase name="choseLocationSpecialistPerson1" time="4.312" classname="org.Test.TestTest.TestLuxmedPacjentPediatriaAllSpecialists"/>
  <testcase name="choseSpecialist1" time="0.159" classname="org.Test.TestTest.TestLuxmedPacjentPediatriaAllSpecialists"/>
  <testcase name="choseData1" time="10.371" classname="org.Test.TestTest.TestLuxmedPacjentPediatriaAllSpecialists"/>
  <testcase name="searchResults1" time="15.577" classname="org.Test.TestTest.TestLuxmedPacjentPediatriaAllSpecialists"/>
  <testcase name="printSpecWyniki1" time="1.321" classname="org.Test.TestTest.TestLuxmedPacjentPediatriaAllSpecialists"/>
</testsuite> <!-- Default test -->
