<?xml version="1.0" encoding="UTF-8"?>
<testng-results skipped="0" failed="0" total="20" passed="20">
  <reporter-output>
  </reporter-output>
  <suite name="LuxmedTest" duration-ms="127889" started-at="2018-01-05T09:03:59Z" finished-at="2018-01-05T09:06:07Z">
    <groups>
    </groups>
    <test name="MyTests" duration-ms="127889" started-at="2018-01-05T09:03:59Z" finished-at="2018-01-05T09:06:07Z">
      <class name="org.Test.TestTest.LuxmedPacjentPediatraAgnieszkaZubrzycka">
        <test-method status="PASS" signature="arquillianBeforeSuite()[pri:0, instance:org.Test.TestTest.LuxmedPacjentPediatraAgnieszkaZubrzycka@4f933fd1]" name="arquillianBeforeSuite" is-config="true" duration-ms="913" started-at="2018-01-05T10:03:58Z" finished-at="2018-01-05T10:03:59Z">
          <reporter-output>
          </reporter-output>
        </test-method> <!-- arquillianBeforeSuite -->
        <test-method status="PASS" signature="arquillianBeforeClass()[pri:0, instance:org.Test.TestTest.LuxmedPacjentPediatraAgnieszkaZubrzycka@4f933fd1]" name="arquillianBeforeClass" is-config="true" duration-ms="10" started-at="2018-01-05T10:03:59Z" finished-at="2018-01-05T10:03:59Z">
          <reporter-output>
          </reporter-output>
        </test-method> <!-- arquillianBeforeClass -->
        <test-method status="PASS" signature="arquillianBeforeTest(java.lang.reflect.Method)[pri:0, instance:org.Test.TestTest.LuxmedPacjentPediatraAgnieszkaZubrzycka@4f933fd1]" name="arquillianBeforeTest" is-config="true" duration-ms="5389" started-at="2018-01-05T10:03:59Z" finished-at="2018-01-05T10:04:04Z">
          <params>
            <param index="0">
              <value>
                <![CDATA[public void org.Test.TestTest.LuxmedPacjentPediatraAgnieszkaZubrzycka.LunchLuxmed() throws java.lang.Exception]]>
              </value>
            </param>
          </params>
          <reporter-output>
          </reporter-output>
        </test-method> <!-- arquillianBeforeTest -->
        <test-method status="PASS" signature="LunchLuxmed()[pri:0, instance:org.Test.TestTest.LuxmedPacjentPediatraAgnieszkaZubrzycka@4f933fd1]" name="LunchLuxmed" duration-ms="6743" started-at="2018-01-05T10:04:04Z" description="Otwieranie strony" finished-at="2018-01-05T10:04:11Z">
          <reporter-output>
          </reporter-output>
        </test-method> <!-- LunchLuxmed -->
        <test-method status="PASS" signature="arquillianAfterTest(java.lang.reflect.Method)[pri:0, instance:org.Test.TestTest.LuxmedPacjentPediatraAgnieszkaZubrzycka@4f933fd1]" name="arquillianAfterTest" is-config="true" duration-ms="3" started-at="2018-01-05T10:04:11Z" finished-at="2018-01-05T10:04:11Z">
          <params>
            <param index="0">
              <value>
                <![CDATA[public void org.Test.TestTest.LuxmedPacjentPediatraAgnieszkaZubrzycka.LunchLuxmed() throws java.lang.Exception]]>
              </value>
            </param>
          </params>
          <reporter-output>
          </reporter-output>
        </test-method> <!-- arquillianAfterTest -->
        <test-method status="PASS" signature="arquillianBeforeTest(java.lang.reflect.Method)[pri:0, instance:org.Test.TestTest.LuxmedPacjentPediatraAgnieszkaZubrzycka@4f933fd1]" name="arquillianBeforeTest" is-config="true" duration-ms="317" started-at="2018-01-05T10:04:11Z" finished-at="2018-01-05T10:04:12Z">
          <params>
            <param index="0">
              <value>
                <![CDATA[public void org.Test.TestTest.LuxmedPacjentPediatraAgnieszkaZubrzycka.ChosePacjent()]]>
              </value>
            </param>
          </params>
          <reporter-output>
          </reporter-output>
        </test-method> <!-- arquillianBeforeTest -->
        <test-method status="PASS" signature="ChosePacjent()[pri:0, instance:org.Test.TestTest.LuxmedPacjentPediatraAgnieszkaZubrzycka@4f933fd1]" name="ChosePacjent" duration-ms="9132" started-at="2018-01-05T10:04:12Z" description="Wybieranie opcji pacjent" finished-at="2018-01-05T10:04:21Z">
          <reporter-output>
          </reporter-output>
        </test-method> <!-- ChosePacjent -->
        <test-method status="PASS" signature="arquillianAfterTest(java.lang.reflect.Method)[pri:0, instance:org.Test.TestTest.LuxmedPacjentPediatraAgnieszkaZubrzycka@4f933fd1]" name="arquillianAfterTest" is-config="true" duration-ms="1" started-at="2018-01-05T10:04:21Z" finished-at="2018-01-05T10:04:21Z">
          <params>
            <param index="0">
              <value>
                <![CDATA[public void org.Test.TestTest.LuxmedPacjentPediatraAgnieszkaZubrzycka.ChosePacjent()]]>
              </value>
            </param>
          </params>
          <reporter-output>
          </reporter-output>
        </test-method> <!-- arquillianAfterTest -->
        <test-method status="PASS" signature="arquillianBeforeTest(java.lang.reflect.Method)[pri:0, instance:org.Test.TestTest.LuxmedPacjentPediatraAgnieszkaZubrzycka@4f933fd1]" name="arquillianBeforeTest" is-config="true" duration-ms="318" started-at="2018-01-05T10:04:21Z" finished-at="2018-01-05T10:04:21Z">
          <params>
            <param index="0">
              <value>
                <![CDATA[public void org.Test.TestTest.LuxmedPacjentPediatraAgnieszkaZubrzycka.CheckUrl()]]>
              </value>
            </param>
          </params>
          <reporter-output>
          </reporter-output>
        </test-method> <!-- arquillianBeforeTest -->
        <test-method status="PASS" signature="CheckUrl()[pri:0, instance:org.Test.TestTest.LuxmedPacjentPediatraAgnieszkaZubrzycka@4f933fd1]" name="CheckUrl" duration-ms="302" started-at="2018-01-05T10:04:21Z" description="Potwierdzanie Url" finished-at="2018-01-05T10:04:21Z">
          <reporter-output>
          </reporter-output>
        </test-method> <!-- CheckUrl -->
        <test-method status="PASS" signature="arquillianAfterTest(java.lang.reflect.Method)[pri:0, instance:org.Test.TestTest.LuxmedPacjentPediatraAgnieszkaZubrzycka@4f933fd1]" name="arquillianAfterTest" is-config="true" duration-ms="1" started-at="2018-01-05T10:04:21Z" finished-at="2018-01-05T10:04:21Z">
          <params>
            <param index="0">
              <value>
                <![CDATA[public void org.Test.TestTest.LuxmedPacjentPediatraAgnieszkaZubrzycka.CheckUrl()]]>
              </value>
            </param>
          </params>
          <reporter-output>
          </reporter-output>
        </test-method> <!-- arquillianAfterTest -->
        <test-method status="PASS" signature="arquillianBeforeTest(java.lang.reflect.Method)[pri:0, instance:org.Test.TestTest.LuxmedPacjentPediatraAgnieszkaZubrzycka@4f933fd1]" name="arquillianBeforeTest" is-config="true" duration-ms="309" started-at="2018-01-05T10:04:21Z" finished-at="2018-01-05T10:04:22Z">
          <params>
            <param index="0">
              <value>
                <![CDATA[public void org.Test.TestTest.LuxmedPacjentPediatraAgnieszkaZubrzycka.ClickRezerwacja()]]>
              </value>
            </param>
          </params>
          <reporter-output>
          </reporter-output>
        </test-method> <!-- arquillianBeforeTest -->
        <test-method status="PASS" signature="ClickRezerwacja()[pri:0, instance:org.Test.TestTest.LuxmedPacjentPediatraAgnieszkaZubrzycka@4f933fd1]" name="ClickRezerwacja" duration-ms="3298" started-at="2018-01-05T10:04:22Z" description="Wybieranie Rezerwacji" finished-at="2018-01-05T10:04:25Z">
          <reporter-output>
          </reporter-output>
        </test-method> <!-- ClickRezerwacja -->
        <test-method status="PASS" signature="arquillianAfterTest(java.lang.reflect.Method)[pri:0, instance:org.Test.TestTest.LuxmedPacjentPediatraAgnieszkaZubrzycka@4f933fd1]" name="arquillianAfterTest" is-config="true" duration-ms="0" started-at="2018-01-05T10:04:25Z" finished-at="2018-01-05T10:04:25Z">
          <params>
            <param index="0">
              <value>
                <![CDATA[public void org.Test.TestTest.LuxmedPacjentPediatraAgnieszkaZubrzycka.ClickRezerwacja()]]>
              </value>
            </param>
          </params>
          <reporter-output>
          </reporter-output>
        </test-method> <!-- arquillianAfterTest -->
        <test-method status="PASS" signature="arquillianBeforeTest(java.lang.reflect.Method)[pri:0, instance:org.Test.TestTest.LuxmedPacjentPediatraAgnieszkaZubrzycka@4f933fd1]" name="arquillianBeforeTest" is-config="true" duration-ms="157" started-at="2018-01-05T10:04:25Z" finished-at="2018-01-05T10:04:25Z">
          <params>
            <param index="0">
              <value>
                <![CDATA[public void org.Test.TestTest.LuxmedPacjentPediatraAgnieszkaZubrzycka.ChoseRodzajRezerwacji() throws java.lang.Exception]]>
              </value>
            </param>
          </params>
          <reporter-output>
          </reporter-output>
        </test-method> <!-- arquillianBeforeTest -->
        <test-method status="PASS" signature="ChoseRodzajRezerwacji()[pri:0, instance:org.Test.TestTest.LuxmedPacjentPediatraAgnieszkaZubrzycka@4f933fd1]" name="ChoseRodzajRezerwacji" duration-ms="1632" started-at="2018-01-05T10:04:25Z" description="Wybieranie rodzaju wizyty" finished-at="2018-01-05T10:04:27Z">
          <reporter-output>
          </reporter-output>
        </test-method> <!-- ChoseRodzajRezerwacji -->
        <test-method status="PASS" signature="arquillianAfterTest(java.lang.reflect.Method)[pri:0, instance:org.Test.TestTest.LuxmedPacjentPediatraAgnieszkaZubrzycka@4f933fd1]" name="arquillianAfterTest" is-config="true" duration-ms="1" started-at="2018-01-05T10:04:27Z" finished-at="2018-01-05T10:04:27Z">
          <params>
            <param index="0">
              <value>
                <![CDATA[public void org.Test.TestTest.LuxmedPacjentPediatraAgnieszkaZubrzycka.ChoseRodzajRezerwacji() throws java.lang.Exception]]>
              </value>
            </param>
          </params>
          <reporter-output>
          </reporter-output>
        </test-method> <!-- arquillianAfterTest -->
        <test-method status="PASS" signature="arquillianBeforeTest(java.lang.reflect.Method)[pri:0, instance:org.Test.TestTest.LuxmedPacjentPediatraAgnieszkaZubrzycka@4f933fd1]" name="arquillianBeforeTest" is-config="true" duration-ms="167" started-at="2018-01-05T10:04:27Z" finished-at="2018-01-05T10:04:27Z">
          <params>
            <param index="0">
              <value>
                <![CDATA[public void org.Test.TestTest.LuxmedPacjentPediatraAgnieszkaZubrzycka.choseLocationSpecialistPerson() throws java.lang.Exception]]>
              </value>
            </param>
          </params>
          <reporter-output>
          </reporter-output>
        </test-method> <!-- arquillianBeforeTest -->
        <test-method status="PASS" signature="choseLocationSpecialistPerson()[pri:0, instance:org.Test.TestTest.LuxmedPacjentPediatraAgnieszkaZubrzycka@4f933fd1]" name="choseLocationSpecialistPerson" duration-ms="4377" started-at="2018-01-05T10:04:27Z" description="Wybór placówki" finished-at="2018-01-05T10:04:31Z">
          <reporter-output>
          </reporter-output>
        </test-method> <!-- choseLocationSpecialistPerson -->
        <test-method status="PASS" signature="arquillianAfterTest(java.lang.reflect.Method)[pri:0, instance:org.Test.TestTest.LuxmedPacjentPediatraAgnieszkaZubrzycka@4f933fd1]" name="arquillianAfterTest" is-config="true" duration-ms="1" started-at="2018-01-05T10:04:31Z" finished-at="2018-01-05T10:04:31Z">
          <params>
            <param index="0">
              <value>
                <![CDATA[public void org.Test.TestTest.LuxmedPacjentPediatraAgnieszkaZubrzycka.choseLocationSpecialistPerson() throws java.lang.Exception]]>
              </value>
            </param>
          </params>
          <reporter-output>
          </reporter-output>
        </test-method> <!-- arquillianAfterTest -->
        <test-method status="PASS" signature="arquillianBeforeTest(java.lang.reflect.Method)[pri:0, instance:org.Test.TestTest.LuxmedPacjentPediatraAgnieszkaZubrzycka@4f933fd1]" name="arquillianBeforeTest" is-config="true" duration-ms="165" started-at="2018-01-05T10:04:31Z" finished-at="2018-01-05T10:04:31Z">
          <params>
            <param index="0">
              <value>
                <![CDATA[public void org.Test.TestTest.LuxmedPacjentPediatraAgnieszkaZubrzycka.choseSpecialist() throws java.lang.Exception]]>
              </value>
            </param>
          </params>
          <reporter-output>
          </reporter-output>
        </test-method> <!-- arquillianBeforeTest -->
        <test-method status="PASS" signature="choseSpecialist()[pri:0, instance:org.Test.TestTest.LuxmedPacjentPediatraAgnieszkaZubrzycka@4f933fd1]" name="choseSpecialist" duration-ms="204" started-at="2018-01-05T10:04:31Z" description="Wybór specjalisty" finished-at="2018-01-05T10:04:32Z">
          <reporter-output>
          </reporter-output>
        </test-method> <!-- choseSpecialist -->
        <test-method status="PASS" signature="arquillianBeforeTest(java.lang.reflect.Method)[pri:0, instance:org.Test.TestTest.LuxmedPacjentPediatraAgnieszkaZubrzycka@4f933fd1]" name="arquillianBeforeTest" is-config="true" duration-ms="157" started-at="2018-01-05T10:04:32Z" finished-at="2018-01-05T10:04:32Z">
          <params>
            <param index="0">
              <value>
                <![CDATA[public void org.Test.TestTest.LuxmedPacjentPediatraAgnieszkaZubrzycka.choseData() throws java.lang.Exception]]>
              </value>
            </param>
          </params>
          <reporter-output>
          </reporter-output>
        </test-method> <!-- arquillianBeforeTest -->
        <test-method status="PASS" signature="arquillianAfterTest(java.lang.reflect.Method)[pri:0, instance:org.Test.TestTest.LuxmedPacjentPediatraAgnieszkaZubrzycka@4f933fd1]" name="arquillianAfterTest" is-config="true" duration-ms="0" started-at="2018-01-05T10:04:32Z" finished-at="2018-01-05T10:04:32Z">
          <params>
            <param index="0">
              <value>
                <![CDATA[public void org.Test.TestTest.LuxmedPacjentPediatraAgnieszkaZubrzycka.choseSpecialist() throws java.lang.Exception]]>
              </value>
            </param>
          </params>
          <reporter-output>
          </reporter-output>
        </test-method> <!-- arquillianAfterTest -->
        <test-method status="PASS" signature="choseData()[pri:0, instance:org.Test.TestTest.LuxmedPacjentPediatraAgnieszkaZubrzycka@4f933fd1]" name="choseData" duration-ms="10439" started-at="2018-01-05T10:04:32Z" description="Wybór daty urodzenia" finished-at="2018-01-05T10:04:42Z">
          <reporter-output>
          </reporter-output>
        </test-method> <!-- choseData -->
        <test-method status="PASS" signature="arquillianAfterTest(java.lang.reflect.Method)[pri:0, instance:org.Test.TestTest.LuxmedPacjentPediatraAgnieszkaZubrzycka@4f933fd1]" name="arquillianAfterTest" is-config="true" duration-ms="1" started-at="2018-01-05T10:04:42Z" finished-at="2018-01-05T10:04:42Z">
          <params>
            <param index="0">
              <value>
                <![CDATA[public void org.Test.TestTest.LuxmedPacjentPediatraAgnieszkaZubrzycka.choseData() throws java.lang.Exception]]>
              </value>
            </param>
          </params>
          <reporter-output>
          </reporter-output>
        </test-method> <!-- arquillianAfterTest -->
        <test-method status="PASS" signature="arquillianBeforeTest(java.lang.reflect.Method)[pri:0, instance:org.Test.TestTest.LuxmedPacjentPediatraAgnieszkaZubrzycka@4f933fd1]" name="arquillianBeforeTest" is-config="true" duration-ms="167" started-at="2018-01-05T10:04:42Z" finished-at="2018-01-05T10:04:42Z">
          <params>
            <param index="0">
              <value>
                <![CDATA[public void org.Test.TestTest.LuxmedPacjentPediatraAgnieszkaZubrzycka.searchResults() throws java.lang.Exception]]>
              </value>
            </param>
          </params>
          <reporter-output>
          </reporter-output>
        </test-method> <!-- arquillianBeforeTest -->
        <test-method status="PASS" signature="searchResults()[pri:0, instance:org.Test.TestTest.LuxmedPacjentPediatraAgnieszkaZubrzycka@4f933fd1]" name="searchResults" duration-ms="13691" started-at="2018-01-05T10:04:42Z" description="Wyszukuj wizyty" finished-at="2018-01-05T10:04:56Z">
          <reporter-output>
          </reporter-output>
        </test-method> <!-- searchResults -->
        <test-method status="PASS" signature="arquillianAfterTest(java.lang.reflect.Method)[pri:0, instance:org.Test.TestTest.LuxmedPacjentPediatraAgnieszkaZubrzycka@4f933fd1]" name="arquillianAfterTest" is-config="true" duration-ms="1" started-at="2018-01-05T10:04:56Z" finished-at="2018-01-05T10:04:56Z">
          <params>
            <param index="0">
              <value>
                <![CDATA[public void org.Test.TestTest.LuxmedPacjentPediatraAgnieszkaZubrzycka.searchResults() throws java.lang.Exception]]>
              </value>
            </param>
          </params>
          <reporter-output>
          </reporter-output>
        </test-method> <!-- arquillianAfterTest -->
        <test-method status="PASS" signature="arquillianBeforeTest(java.lang.reflect.Method)[pri:0, instance:org.Test.TestTest.LuxmedPacjentPediatraAgnieszkaZubrzycka@4f933fd1]" name="arquillianBeforeTest" is-config="true" duration-ms="166" started-at="2018-01-05T10:04:56Z" finished-at="2018-01-05T10:04:56Z">
          <params>
            <param index="0">
              <value>
                <![CDATA[public void org.Test.TestTest.LuxmedPacjentPediatraAgnieszkaZubrzycka.goVisitTypeAndResults() throws java.lang.Exception]]>
              </value>
            </param>
          </params>
          <reporter-output>
          </reporter-output>
        </test-method> <!-- arquillianBeforeTest -->
        <test-method status="PASS" signature="goVisitTypeAndResults()[pri:0, instance:org.Test.TestTest.LuxmedPacjentPediatraAgnieszkaZubrzycka@4f933fd1]" name="goVisitTypeAndResults" duration-ms="9949" started-at="2018-01-05T10:04:56Z" description="Wybór rodzaju wizyty i dostepne terminy" finished-at="2018-01-05T10:05:06Z">
          <reporter-output>
          </reporter-output>
        </test-method> <!-- goVisitTypeAndResults -->
        <test-method status="PASS" signature="arquillianAfterTest(java.lang.reflect.Method)[pri:0, instance:org.Test.TestTest.LuxmedPacjentPediatraAgnieszkaZubrzycka@4f933fd1]" name="arquillianAfterTest" is-config="true" duration-ms="1" started-at="2018-01-05T10:05:06Z" finished-at="2018-01-05T10:05:06Z">
          <params>
            <param index="0">
              <value>
                <![CDATA[public void org.Test.TestTest.LuxmedPacjentPediatraAgnieszkaZubrzycka.goVisitTypeAndResults() throws java.lang.Exception]]>
              </value>
            </param>
          </params>
          <reporter-output>
          </reporter-output>
        </test-method> <!-- arquillianAfterTest -->
        <test-method status="PASS" signature="arquillianAfterClass()[pri:0, instance:org.Test.TestTest.LuxmedPacjentPediatraAgnieszkaZubrzycka@4f933fd1]" name="arquillianAfterClass" is-config="true" duration-ms="2318" started-at="2018-01-05T10:05:06Z" finished-at="2018-01-05T10:05:08Z">
          <reporter-output>
          </reporter-output>
        </test-method> <!-- arquillianAfterClass -->
        <test-method status="PASS" signature="arquillianAfterSuite()[pri:0, instance:org.Test.TestTest.LuxmedPacjentPediatraAgnieszkaZubrzycka@4f933fd1]" name="arquillianAfterSuite" is-config="true" duration-ms="4" started-at="2018-01-05T10:06:07Z" finished-at="2018-01-05T10:06:07Z">
          <reporter-output>
          </reporter-output>
        </test-method> <!-- arquillianAfterSuite -->
      </class> <!-- org.Test.TestTest.LuxmedPacjentPediatraAgnieszkaZubrzycka -->
      <class name="org.Test.TestTest.TestLuxmedPacjentPediatriaAllSpecialists">
        <test-method status="PASS" signature="arquillianBeforeClass()[pri:0, instance:org.Test.TestTest.TestLuxmedPacjentPediatriaAllSpecialists@4cc0edeb]" name="arquillianBeforeClass" is-config="true" duration-ms="1" started-at="2018-01-05T10:05:08Z" finished-at="2018-01-05T10:05:08Z">
          <reporter-output>
          </reporter-output>
        </test-method> <!-- arquillianBeforeClass -->
        <test-method status="PASS" signature="arquillianBeforeTest(java.lang.reflect.Method)[pri:0, instance:org.Test.TestTest.TestLuxmedPacjentPediatriaAllSpecialists@4cc0edeb]" name="arquillianBeforeTest" is-config="true" duration-ms="2754" started-at="2018-01-05T10:05:08Z" finished-at="2018-01-05T10:05:11Z">
          <params>
            <param index="0">
              <value>
                <![CDATA[public void org.Test.TestTest.TestLuxmedPacjentPediatriaAllSpecialists.LunchLuxmed1() throws java.lang.Exception]]>
              </value>
            </param>
          </params>
          <reporter-output>
          </reporter-output>
        </test-method> <!-- arquillianBeforeTest -->
        <test-method status="PASS" signature="LunchLuxmed1()[pri:0, instance:org.Test.TestTest.TestLuxmedPacjentPediatriaAllSpecialists@4cc0edeb]" name="LunchLuxmed1" duration-ms="5862" started-at="2018-01-05T10:05:11Z" description="Otwieranie strony" finished-at="2018-01-05T10:05:17Z">
          <reporter-output>
          </reporter-output>
        </test-method> <!-- LunchLuxmed1 -->
        <test-method status="PASS" signature="arquillianAfterTest(java.lang.reflect.Method)[pri:0, instance:org.Test.TestTest.TestLuxmedPacjentPediatriaAllSpecialists@4cc0edeb]" name="arquillianAfterTest" is-config="true" duration-ms="1" started-at="2018-01-05T10:05:17Z" finished-at="2018-01-05T10:05:17Z">
          <params>
            <param index="0">
              <value>
                <![CDATA[public void org.Test.TestTest.TestLuxmedPacjentPediatriaAllSpecialists.LunchLuxmed1() throws java.lang.Exception]]>
              </value>
            </param>
          </params>
          <reporter-output>
          </reporter-output>
        </test-method> <!-- arquillianAfterTest -->
        <test-method status="PASS" signature="arquillianBeforeTest(java.lang.reflect.Method)[pri:0, instance:org.Test.TestTest.TestLuxmedPacjentPediatriaAllSpecialists@4cc0edeb]" name="arquillianBeforeTest" is-config="true" duration-ms="206" started-at="2018-01-05T10:05:17Z" finished-at="2018-01-05T10:05:17Z">
          <params>
            <param index="0">
              <value>
                <![CDATA[public void org.Test.TestTest.TestLuxmedPacjentPediatriaAllSpecialists.ChosePacjent1()]]>
              </value>
            </param>
          </params>
          <reporter-output>
          </reporter-output>
        </test-method> <!-- arquillianBeforeTest -->
        <test-method status="PASS" signature="ChosePacjent1()[pri:0, instance:org.Test.TestTest.TestLuxmedPacjentPediatriaAllSpecialists@4cc0edeb]" name="ChosePacjent1" duration-ms="9036" started-at="2018-01-05T10:05:17Z" description="Wybieranie opcji pacjent" finished-at="2018-01-05T10:05:26Z">
          <reporter-output>
          </reporter-output>
        </test-method> <!-- ChosePacjent1 -->
        <test-method status="PASS" signature="arquillianAfterTest(java.lang.reflect.Method)[pri:0, instance:org.Test.TestTest.TestLuxmedPacjentPediatriaAllSpecialists@4cc0edeb]" name="arquillianAfterTest" is-config="true" duration-ms="1" started-at="2018-01-05T10:05:26Z" finished-at="2018-01-05T10:05:26Z">
          <params>
            <param index="0">
              <value>
                <![CDATA[public void org.Test.TestTest.TestLuxmedPacjentPediatriaAllSpecialists.ChosePacjent1()]]>
              </value>
            </param>
          </params>
          <reporter-output>
          </reporter-output>
        </test-method> <!-- arquillianAfterTest -->
        <test-method status="PASS" signature="arquillianBeforeTest(java.lang.reflect.Method)[pri:0, instance:org.Test.TestTest.TestLuxmedPacjentPediatriaAllSpecialists@4cc0edeb]" name="arquillianBeforeTest" is-config="true" duration-ms="288" started-at="2018-01-05T10:05:26Z" finished-at="2018-01-05T10:05:27Z">
          <params>
            <param index="0">
              <value>
                <![CDATA[public void org.Test.TestTest.TestLuxmedPacjentPediatriaAllSpecialists.CheckUrl1()]]>
              </value>
            </param>
          </params>
          <reporter-output>
          </reporter-output>
        </test-method> <!-- arquillianBeforeTest -->
        <test-method status="PASS" signature="CheckUrl1()[pri:0, instance:org.Test.TestTest.TestLuxmedPacjentPediatriaAllSpecialists@4cc0edeb]" name="CheckUrl1" duration-ms="300" started-at="2018-01-05T10:05:27Z" description="Potwierdzanie Url" finished-at="2018-01-05T10:05:27Z">
          <reporter-output>
          </reporter-output>
        </test-method> <!-- CheckUrl1 -->
        <test-method status="PASS" signature="arquillianAfterTest(java.lang.reflect.Method)[pri:0, instance:org.Test.TestTest.TestLuxmedPacjentPediatriaAllSpecialists@4cc0edeb]" name="arquillianAfterTest" is-config="true" duration-ms="1" started-at="2018-01-05T10:05:27Z" finished-at="2018-01-05T10:05:27Z">
          <params>
            <param index="0">
              <value>
                <![CDATA[public void org.Test.TestTest.TestLuxmedPacjentPediatriaAllSpecialists.CheckUrl1()]]>
              </value>
            </param>
          </params>
          <reporter-output>
          </reporter-output>
        </test-method> <!-- arquillianAfterTest -->
        <test-method status="PASS" signature="arquillianBeforeTest(java.lang.reflect.Method)[pri:0, instance:org.Test.TestTest.TestLuxmedPacjentPediatriaAllSpecialists@4cc0edeb]" name="arquillianBeforeTest" is-config="true" duration-ms="290" started-at="2018-01-05T10:05:27Z" finished-at="2018-01-05T10:05:27Z">
          <params>
            <param index="0">
              <value>
                <![CDATA[public void org.Test.TestTest.TestLuxmedPacjentPediatriaAllSpecialists.ClickRezerwacja1()]]>
              </value>
            </param>
          </params>
          <reporter-output>
          </reporter-output>
        </test-method> <!-- arquillianBeforeTest -->
        <test-method status="PASS" signature="ClickRezerwacja1()[pri:0, instance:org.Test.TestTest.TestLuxmedPacjentPediatriaAllSpecialists@4cc0edeb]" name="ClickRezerwacja1" duration-ms="3208" started-at="2018-01-05T10:05:27Z" description="Wybieranie Rezerwacji" finished-at="2018-01-05T10:05:30Z">
          <reporter-output>
          </reporter-output>
        </test-method> <!-- ClickRezerwacja1 -->
        <test-method status="PASS" signature="arquillianAfterTest(java.lang.reflect.Method)[pri:0, instance:org.Test.TestTest.TestLuxmedPacjentPediatriaAllSpecialists@4cc0edeb]" name="arquillianAfterTest" is-config="true" duration-ms="1" started-at="2018-01-05T10:05:30Z" finished-at="2018-01-05T10:05:30Z">
          <params>
            <param index="0">
              <value>
                <![CDATA[public void org.Test.TestTest.TestLuxmedPacjentPediatriaAllSpecialists.ClickRezerwacja1()]]>
              </value>
            </param>
          </params>
          <reporter-output>
          </reporter-output>
        </test-method> <!-- arquillianAfterTest -->
        <test-method status="PASS" signature="arquillianBeforeTest(java.lang.reflect.Method)[pri:0, instance:org.Test.TestTest.TestLuxmedPacjentPediatriaAllSpecialists@4cc0edeb]" name="arquillianBeforeTest" is-config="true" duration-ms="145" started-at="2018-01-05T10:05:30Z" finished-at="2018-01-05T10:05:31Z">
          <params>
            <param index="0">
              <value>
                <![CDATA[public void org.Test.TestTest.TestLuxmedPacjentPediatriaAllSpecialists.ChoseRodzajRezerwacji1() throws java.lang.Exception]]>
              </value>
            </param>
          </params>
          <reporter-output>
          </reporter-output>
        </test-method> <!-- arquillianBeforeTest -->
        <test-method status="PASS" signature="ChoseRodzajRezerwacji1()[pri:0, instance:org.Test.TestTest.TestLuxmedPacjentPediatriaAllSpecialists@4cc0edeb]" name="ChoseRodzajRezerwacji1" duration-ms="1575" started-at="2018-01-05T10:05:31Z" description="Wybieranie rodzaju wizyty" finished-at="2018-01-05T10:05:32Z">
          <reporter-output>
          </reporter-output>
        </test-method> <!-- ChoseRodzajRezerwacji1 -->
        <test-method status="PASS" signature="arquillianAfterTest(java.lang.reflect.Method)[pri:0, instance:org.Test.TestTest.TestLuxmedPacjentPediatriaAllSpecialists@4cc0edeb]" name="arquillianAfterTest" is-config="true" duration-ms="1" started-at="2018-01-05T10:05:32Z" finished-at="2018-01-05T10:05:32Z">
          <params>
            <param index="0">
              <value>
                <![CDATA[public void org.Test.TestTest.TestLuxmedPacjentPediatriaAllSpecialists.ChoseRodzajRezerwacji1() throws java.lang.Exception]]>
              </value>
            </param>
          </params>
          <reporter-output>
          </reporter-output>
        </test-method> <!-- arquillianAfterTest -->
        <test-method status="PASS" signature="arquillianBeforeTest(java.lang.reflect.Method)[pri:0, instance:org.Test.TestTest.TestLuxmedPacjentPediatriaAllSpecialists@4cc0edeb]" name="arquillianBeforeTest" is-config="true" duration-ms="149" started-at="2018-01-05T10:05:32Z" finished-at="2018-01-05T10:05:32Z">
          <params>
            <param index="0">
              <value>
                <![CDATA[public void org.Test.TestTest.TestLuxmedPacjentPediatriaAllSpecialists.choseLocationSpecialistPerson1() throws java.lang.Exception]]>
              </value>
            </param>
          </params>
          <reporter-output>
          </reporter-output>
        </test-method> <!-- arquillianBeforeTest -->
        <test-method status="PASS" signature="choseLocationSpecialistPerson1()[pri:0, instance:org.Test.TestTest.TestLuxmedPacjentPediatriaAllSpecialists@4cc0edeb]" name="choseLocationSpecialistPerson1" duration-ms="4286" started-at="2018-01-05T10:05:32Z" description="Wybór placówki" finished-at="2018-01-05T10:05:37Z">
          <reporter-output>
          </reporter-output>
        </test-method> <!-- choseLocationSpecialistPerson1 -->
        <test-method status="PASS" signature="arquillianAfterTest(java.lang.reflect.Method)[pri:0, instance:org.Test.TestTest.TestLuxmedPacjentPediatriaAllSpecialists@4cc0edeb]" name="arquillianAfterTest" is-config="true" duration-ms="2" started-at="2018-01-05T10:05:37Z" finished-at="2018-01-05T10:05:37Z">
          <params>
            <param index="0">
              <value>
                <![CDATA[public void org.Test.TestTest.TestLuxmedPacjentPediatriaAllSpecialists.choseLocationSpecialistPerson1() throws java.lang.Exception]]>
              </value>
            </param>
          </params>
          <reporter-output>
          </reporter-output>
        </test-method> <!-- arquillianAfterTest -->
        <test-method status="PASS" signature="arquillianBeforeTest(java.lang.reflect.Method)[pri:0, instance:org.Test.TestTest.TestLuxmedPacjentPediatriaAllSpecialists@4cc0edeb]" name="arquillianBeforeTest" is-config="true" duration-ms="153" started-at="2018-01-05T10:05:37Z" finished-at="2018-01-05T10:05:37Z">
          <params>
            <param index="0">
              <value>
                <![CDATA[public void org.Test.TestTest.TestLuxmedPacjentPediatriaAllSpecialists.choseSpecialist1() throws java.lang.Exception]]>
              </value>
            </param>
          </params>
          <reporter-output>
          </reporter-output>
        </test-method> <!-- arquillianBeforeTest -->
        <test-method status="PASS" signature="choseSpecialist1()[pri:0, instance:org.Test.TestTest.TestLuxmedPacjentPediatriaAllSpecialists@4cc0edeb]" name="choseSpecialist1" duration-ms="148" started-at="2018-01-05T10:05:37Z" description="Wybór specjalisty" finished-at="2018-01-05T10:05:37Z">
          <reporter-output>
          </reporter-output>
        </test-method> <!-- choseSpecialist1 -->
        <test-method status="PASS" signature="arquillianAfterTest(java.lang.reflect.Method)[pri:0, instance:org.Test.TestTest.TestLuxmedPacjentPediatriaAllSpecialists@4cc0edeb]" name="arquillianAfterTest" is-config="true" duration-ms="1" started-at="2018-01-05T10:05:37Z" finished-at="2018-01-05T10:05:37Z">
          <params>
            <param index="0">
              <value>
                <![CDATA[public void org.Test.TestTest.TestLuxmedPacjentPediatriaAllSpecialists.choseSpecialist1() throws java.lang.Exception]]>
              </value>
            </param>
          </params>
          <reporter-output>
          </reporter-output>
        </test-method> <!-- arquillianAfterTest -->
        <test-method status="PASS" signature="arquillianBeforeTest(java.lang.reflect.Method)[pri:0, instance:org.Test.TestTest.TestLuxmedPacjentPediatriaAllSpecialists@4cc0edeb]" name="arquillianBeforeTest" is-config="true" duration-ms="145" started-at="2018-01-05T10:05:37Z" finished-at="2018-01-05T10:05:37Z">
          <params>
            <param index="0">
              <value>
                <![CDATA[public void org.Test.TestTest.TestLuxmedPacjentPediatriaAllSpecialists.choseData1() throws java.lang.Exception]]>
              </value>
            </param>
          </params>
          <reporter-output>
          </reporter-output>
        </test-method> <!-- arquillianBeforeTest -->
        <test-method status="PASS" signature="choseData1()[pri:0, instance:org.Test.TestTest.TestLuxmedPacjentPediatriaAllSpecialists@4cc0edeb]" name="choseData1" duration-ms="10392" started-at="2018-01-05T10:05:37Z" description="Wybór daty urodzenia" finished-at="2018-01-05T10:05:47Z">
          <reporter-output>
          </reporter-output>
        </test-method> <!-- choseData1 -->
        <test-method status="PASS" signature="arquillianAfterTest(java.lang.reflect.Method)[pri:0, instance:org.Test.TestTest.TestLuxmedPacjentPediatriaAllSpecialists@4cc0edeb]" name="arquillianAfterTest" is-config="true" duration-ms="0" started-at="2018-01-05T10:05:47Z" finished-at="2018-01-05T10:05:47Z">
          <params>
            <param index="0">
              <value>
                <![CDATA[public void org.Test.TestTest.TestLuxmedPacjentPediatriaAllSpecialists.choseData1() throws java.lang.Exception]]>
              </value>
            </param>
          </params>
          <reporter-output>
          </reporter-output>
        </test-method> <!-- arquillianAfterTest -->
        <test-method status="PASS" signature="arquillianBeforeTest(java.lang.reflect.Method)[pri:0, instance:org.Test.TestTest.TestLuxmedPacjentPediatriaAllSpecialists@4cc0edeb]" name="arquillianBeforeTest" is-config="true" duration-ms="153" started-at="2018-01-05T10:05:47Z" finished-at="2018-01-05T10:05:48Z">
          <params>
            <param index="0">
              <value>
                <![CDATA[public void org.Test.TestTest.TestLuxmedPacjentPediatriaAllSpecialists.searchResults1() throws java.lang.Exception]]>
              </value>
            </param>
          </params>
          <reporter-output>
          </reporter-output>
        </test-method> <!-- arquillianBeforeTest -->
        <test-method status="PASS" signature="searchResults1()[pri:0, instance:org.Test.TestTest.TestLuxmedPacjentPediatriaAllSpecialists@4cc0edeb]" name="searchResults1" duration-ms="15578" started-at="2018-01-05T10:05:48Z" description="Wyszukuj wizyty" finished-at="2018-01-05T10:06:03Z">
          <reporter-output>
          </reporter-output>
        </test-method> <!-- searchResults1 -->
        <test-method status="PASS" signature="arquillianAfterTest(java.lang.reflect.Method)[pri:0, instance:org.Test.TestTest.TestLuxmedPacjentPediatriaAllSpecialists@4cc0edeb]" name="arquillianAfterTest" is-config="true" duration-ms="2" started-at="2018-01-05T10:06:03Z" finished-at="2018-01-05T10:06:03Z">
          <params>
            <param index="0">
              <value>
                <![CDATA[public void org.Test.TestTest.TestLuxmedPacjentPediatriaAllSpecialists.searchResults1() throws java.lang.Exception]]>
              </value>
            </param>
          </params>
          <reporter-output>
          </reporter-output>
        </test-method> <!-- arquillianAfterTest -->
        <test-method status="PASS" signature="arquillianBeforeTest(java.lang.reflect.Method)[pri:0, instance:org.Test.TestTest.TestLuxmedPacjentPediatriaAllSpecialists@4cc0edeb]" name="arquillianBeforeTest" is-config="true" duration-ms="164" started-at="2018-01-05T10:06:03Z" finished-at="2018-01-05T10:06:03Z">
          <params>
            <param index="0">
              <value>
                <![CDATA[public void org.Test.TestTest.TestLuxmedPacjentPediatriaAllSpecialists.printSpecWyniki1() throws java.lang.Exception]]>
              </value>
            </param>
          </params>
          <reporter-output>
          </reporter-output>
        </test-method> <!-- arquillianBeforeTest -->
        <test-method status="PASS" signature="printSpecWyniki1()[pri:0, instance:org.Test.TestTest.TestLuxmedPacjentPediatriaAllSpecialists@4cc0edeb]" name="printSpecWyniki1" duration-ms="1289" started-at="2018-01-05T10:06:03Z" description="Print wszystkich specialistów z datami wolnego terminu" finished-at="2018-01-05T10:06:05Z">
          <reporter-output>
          </reporter-output>
        </test-method> <!-- printSpecWyniki1 -->
        <test-method status="PASS" signature="arquillianAfterTest(java.lang.reflect.Method)[pri:0, instance:org.Test.TestTest.TestLuxmedPacjentPediatriaAllSpecialists@4cc0edeb]" name="arquillianAfterTest" is-config="true" duration-ms="0" started-at="2018-01-05T10:06:05Z" finished-at="2018-01-05T10:06:05Z">
          <params>
            <param index="0">
              <value>
                <![CDATA[public void org.Test.TestTest.TestLuxmedPacjentPediatriaAllSpecialists.printSpecWyniki1() throws java.lang.Exception]]>
              </value>
            </param>
          </params>
          <reporter-output>
          </reporter-output>
        </test-method> <!-- arquillianAfterTest -->
        <test-method status="PASS" signature="arquillianAfterClass()[pri:0, instance:org.Test.TestTest.TestLuxmedPacjentPediatriaAllSpecialists@4cc0edeb]" name="arquillianAfterClass" is-config="true" duration-ms="2326" started-at="2018-01-05T10:06:05Z" finished-at="2018-01-05T10:06:07Z">
          <reporter-output>
          </reporter-output>
        </test-method> <!-- arquillianAfterClass -->
      </class> <!-- org.Test.TestTest.TestLuxmedPacjentPediatriaAllSpecialists -->
    </test> <!-- MyTests -->
  </suite> <!-- LuxmedTest -->
</testng-results>
