<?xml version="1.0" encoding="UTF-8"?>
<testng-results skipped="0" failed="0" total="20" passed="20">
  <reporter-output>
  </reporter-output>
  <suite name="LuxmedTest" duration-ms="126370" started-at="2018-01-04T12:19:16Z" finished-at="2018-01-04T12:21:22Z">
    <groups>
    </groups>
    <test name="MyTests" duration-ms="126370" started-at="2018-01-04T12:19:16Z" finished-at="2018-01-04T12:21:22Z">
      <class name="org.Test.TestTest.LuxmedPacjentPediatraAgnieszkaZubrzycka">
        <test-method status="PASS" signature="arquillianBeforeSuite()[pri:0, instance:org.Test.TestTest.LuxmedPacjentPediatraAgnieszkaZubrzycka@4f933fd1]" name="arquillianBeforeSuite" is-config="true" duration-ms="908" started-at="2018-01-04T13:19:15Z" finished-at="2018-01-04T13:19:16Z">
          <reporter-output>
          </reporter-output>
        </test-method> <!-- arquillianBeforeSuite -->
        <test-method status="PASS" signature="arquillianBeforeClass()[pri:0, instance:org.Test.TestTest.LuxmedPacjentPediatraAgnieszkaZubrzycka@4f933fd1]" name="arquillianBeforeClass" is-config="true" duration-ms="19" started-at="2018-01-04T13:19:16Z" finished-at="2018-01-04T13:19:16Z">
          <reporter-output>
          </reporter-output>
        </test-method> <!-- arquillianBeforeClass -->
        <test-method status="PASS" signature="arquillianBeforeTest(java.lang.reflect.Method)[pri:0, instance:org.Test.TestTest.LuxmedPacjentPediatraAgnieszkaZubrzycka@4f933fd1]" name="arquillianBeforeTest" is-config="true" duration-ms="4316" started-at="2018-01-04T13:19:16Z" finished-at="2018-01-04T13:19:20Z">
          <params>
            <param index="0">
              <value>
                <![CDATA[public void org.Test.TestTest.LuxmedPacjentPediatraAgnieszkaZubrzycka.LunchLuxmed() throws java.lang.Exception]]>
              </value>
            </param>
          </params>
          <reporter-output>
          </reporter-output>
        </test-method> <!-- arquillianBeforeTest -->
        <test-method status="PASS" signature="LunchLuxmed()[pri:0, instance:org.Test.TestTest.LuxmedPacjentPediatraAgnieszkaZubrzycka@4f933fd1]" name="LunchLuxmed" duration-ms="6514" started-at="2018-01-04T13:19:20Z" description="Otwieranie strony" finished-at="2018-01-04T13:19:27Z">
          <reporter-output>
          </reporter-output>
        </test-method> <!-- LunchLuxmed -->
        <test-method status="PASS" signature="arquillianAfterTest(java.lang.reflect.Method)[pri:0, instance:org.Test.TestTest.LuxmedPacjentPediatraAgnieszkaZubrzycka@4f933fd1]" name="arquillianAfterTest" is-config="true" duration-ms="2" started-at="2018-01-04T13:19:27Z" finished-at="2018-01-04T13:19:27Z">
          <params>
            <param index="0">
              <value>
                <![CDATA[public void org.Test.TestTest.LuxmedPacjentPediatraAgnieszkaZubrzycka.LunchLuxmed() throws java.lang.Exception]]>
              </value>
            </param>
          </params>
          <reporter-output>
          </reporter-output>
        </test-method> <!-- arquillianAfterTest -->
        <test-method status="PASS" signature="arquillianBeforeTest(java.lang.reflect.Method)[pri:0, instance:org.Test.TestTest.LuxmedPacjentPediatraAgnieszkaZubrzycka@4f933fd1]" name="arquillianBeforeTest" is-config="true" duration-ms="338" started-at="2018-01-04T13:19:27Z" finished-at="2018-01-04T13:19:27Z">
          <params>
            <param index="0">
              <value>
                <![CDATA[public void org.Test.TestTest.LuxmedPacjentPediatraAgnieszkaZubrzycka.ChosePacjent()]]>
              </value>
            </param>
          </params>
          <reporter-output>
          </reporter-output>
        </test-method> <!-- arquillianBeforeTest -->
        <test-method status="PASS" signature="ChosePacjent()[pri:0, instance:org.Test.TestTest.LuxmedPacjentPediatraAgnieszkaZubrzycka@4f933fd1]" name="ChosePacjent" duration-ms="9043" started-at="2018-01-04T13:19:27Z" description="Wybieranie opcji pacjent" finished-at="2018-01-04T13:19:36Z">
          <reporter-output>
          </reporter-output>
        </test-method> <!-- ChosePacjent -->
        <test-method status="PASS" signature="arquillianBeforeTest(java.lang.reflect.Method)[pri:0, instance:org.Test.TestTest.LuxmedPacjentPediatraAgnieszkaZubrzycka@4f933fd1]" name="arquillianBeforeTest" is-config="true" duration-ms="295" started-at="2018-01-04T13:19:36Z" finished-at="2018-01-04T13:19:37Z">
          <params>
            <param index="0">
              <value>
                <![CDATA[public void org.Test.TestTest.LuxmedPacjentPediatraAgnieszkaZubrzycka.CheckUrl()]]>
              </value>
            </param>
          </params>
          <reporter-output>
          </reporter-output>
        </test-method> <!-- arquillianBeforeTest -->
        <test-method status="PASS" signature="arquillianAfterTest(java.lang.reflect.Method)[pri:0, instance:org.Test.TestTest.LuxmedPacjentPediatraAgnieszkaZubrzycka@4f933fd1]" name="arquillianAfterTest" is-config="true" duration-ms="0" started-at="2018-01-04T13:19:36Z" finished-at="2018-01-04T13:19:36Z">
          <params>
            <param index="0">
              <value>
                <![CDATA[public void org.Test.TestTest.LuxmedPacjentPediatraAgnieszkaZubrzycka.ChosePacjent()]]>
              </value>
            </param>
          </params>
          <reporter-output>
          </reporter-output>
        </test-method> <!-- arquillianAfterTest -->
        <test-method status="PASS" signature="CheckUrl()[pri:0, instance:org.Test.TestTest.LuxmedPacjentPediatraAgnieszkaZubrzycka@4f933fd1]" name="CheckUrl" duration-ms="271" started-at="2018-01-04T13:19:37Z" description="Potwierdzanie Url" finished-at="2018-01-04T13:19:37Z">
          <reporter-output>
          </reporter-output>
        </test-method> <!-- CheckUrl -->
        <test-method status="PASS" signature="arquillianAfterTest(java.lang.reflect.Method)[pri:0, instance:org.Test.TestTest.LuxmedPacjentPediatraAgnieszkaZubrzycka@4f933fd1]" name="arquillianAfterTest" is-config="true" duration-ms="0" started-at="2018-01-04T13:19:37Z" finished-at="2018-01-04T13:19:37Z">
          <params>
            <param index="0">
              <value>
                <![CDATA[public void org.Test.TestTest.LuxmedPacjentPediatraAgnieszkaZubrzycka.CheckUrl()]]>
              </value>
            </param>
          </params>
          <reporter-output>
          </reporter-output>
        </test-method> <!-- arquillianAfterTest -->
        <test-method status="PASS" signature="arquillianBeforeTest(java.lang.reflect.Method)[pri:0, instance:org.Test.TestTest.LuxmedPacjentPediatraAgnieszkaZubrzycka@4f933fd1]" name="arquillianBeforeTest" is-config="true" duration-ms="296" started-at="2018-01-04T13:19:37Z" finished-at="2018-01-04T13:19:37Z">
          <params>
            <param index="0">
              <value>
                <![CDATA[public void org.Test.TestTest.LuxmedPacjentPediatraAgnieszkaZubrzycka.ClickRezerwacja()]]>
              </value>
            </param>
          </params>
          <reporter-output>
          </reporter-output>
        </test-method> <!-- arquillianBeforeTest -->
        <test-method status="PASS" signature="ClickRezerwacja()[pri:0, instance:org.Test.TestTest.LuxmedPacjentPediatraAgnieszkaZubrzycka@4f933fd1]" name="ClickRezerwacja" duration-ms="3469" started-at="2018-01-04T13:19:37Z" description="Wybieranie Rezerwacji" finished-at="2018-01-04T13:19:41Z">
          <reporter-output>
          </reporter-output>
        </test-method> <!-- ClickRezerwacja -->
        <test-method status="PASS" signature="arquillianAfterTest(java.lang.reflect.Method)[pri:0, instance:org.Test.TestTest.LuxmedPacjentPediatraAgnieszkaZubrzycka@4f933fd1]" name="arquillianAfterTest" is-config="true" duration-ms="2" started-at="2018-01-04T13:19:41Z" finished-at="2018-01-04T13:19:41Z">
          <params>
            <param index="0">
              <value>
                <![CDATA[public void org.Test.TestTest.LuxmedPacjentPediatraAgnieszkaZubrzycka.ClickRezerwacja()]]>
              </value>
            </param>
          </params>
          <reporter-output>
          </reporter-output>
        </test-method> <!-- arquillianAfterTest -->
        <test-method status="PASS" signature="arquillianBeforeTest(java.lang.reflect.Method)[pri:0, instance:org.Test.TestTest.LuxmedPacjentPediatraAgnieszkaZubrzycka@4f933fd1]" name="arquillianBeforeTest" is-config="true" duration-ms="152" started-at="2018-01-04T13:19:41Z" finished-at="2018-01-04T13:19:41Z">
          <params>
            <param index="0">
              <value>
                <![CDATA[public void org.Test.TestTest.LuxmedPacjentPediatraAgnieszkaZubrzycka.ChoseRodzajRezerwacji() throws java.lang.Exception]]>
              </value>
            </param>
          </params>
          <reporter-output>
          </reporter-output>
        </test-method> <!-- arquillianBeforeTest -->
        <test-method status="PASS" signature="ChoseRodzajRezerwacji()[pri:0, instance:org.Test.TestTest.LuxmedPacjentPediatraAgnieszkaZubrzycka@4f933fd1]" name="ChoseRodzajRezerwacji" duration-ms="1463" started-at="2018-01-04T13:19:41Z" description="Wybieranie rodzaju wizyty" finished-at="2018-01-04T13:19:42Z">
          <reporter-output>
          </reporter-output>
        </test-method> <!-- ChoseRodzajRezerwacji -->
        <test-method status="PASS" signature="arquillianAfterTest(java.lang.reflect.Method)[pri:0, instance:org.Test.TestTest.LuxmedPacjentPediatraAgnieszkaZubrzycka@4f933fd1]" name="arquillianAfterTest" is-config="true" duration-ms="1" started-at="2018-01-04T13:19:42Z" finished-at="2018-01-04T13:19:42Z">
          <params>
            <param index="0">
              <value>
                <![CDATA[public void org.Test.TestTest.LuxmedPacjentPediatraAgnieszkaZubrzycka.ChoseRodzajRezerwacji() throws java.lang.Exception]]>
              </value>
            </param>
          </params>
          <reporter-output>
          </reporter-output>
        </test-method> <!-- arquillianAfterTest -->
        <test-method status="PASS" signature="arquillianBeforeTest(java.lang.reflect.Method)[pri:0, instance:org.Test.TestTest.LuxmedPacjentPediatraAgnieszkaZubrzycka@4f933fd1]" name="arquillianBeforeTest" is-config="true" duration-ms="144" started-at="2018-01-04T13:19:42Z" finished-at="2018-01-04T13:19:42Z">
          <params>
            <param index="0">
              <value>
                <![CDATA[public void org.Test.TestTest.LuxmedPacjentPediatraAgnieszkaZubrzycka.choseLocationSpecialistPerson() throws java.lang.Exception]]>
              </value>
            </param>
          </params>
          <reporter-output>
          </reporter-output>
        </test-method> <!-- arquillianBeforeTest -->
        <test-method status="PASS" signature="choseLocationSpecialistPerson()[pri:0, instance:org.Test.TestTest.LuxmedPacjentPediatraAgnieszkaZubrzycka@4f933fd1]" name="choseLocationSpecialistPerson" duration-ms="4295" started-at="2018-01-04T13:19:42Z" description="Wybór placówki" finished-at="2018-01-04T13:19:47Z">
          <reporter-output>
          </reporter-output>
        </test-method> <!-- choseLocationSpecialistPerson -->
        <test-method status="PASS" signature="arquillianAfterTest(java.lang.reflect.Method)[pri:0, instance:org.Test.TestTest.LuxmedPacjentPediatraAgnieszkaZubrzycka@4f933fd1]" name="arquillianAfterTest" is-config="true" duration-ms="0" started-at="2018-01-04T13:19:47Z" finished-at="2018-01-04T13:19:47Z">
          <params>
            <param index="0">
              <value>
                <![CDATA[public void org.Test.TestTest.LuxmedPacjentPediatraAgnieszkaZubrzycka.choseLocationSpecialistPerson() throws java.lang.Exception]]>
              </value>
            </param>
          </params>
          <reporter-output>
          </reporter-output>
        </test-method> <!-- arquillianAfterTest -->
        <test-method status="PASS" signature="arquillianBeforeTest(java.lang.reflect.Method)[pri:0, instance:org.Test.TestTest.LuxmedPacjentPediatraAgnieszkaZubrzycka@4f933fd1]" name="arquillianBeforeTest" is-config="true" duration-ms="145" started-at="2018-01-04T13:19:47Z" finished-at="2018-01-04T13:19:47Z">
          <params>
            <param index="0">
              <value>
                <![CDATA[public void org.Test.TestTest.LuxmedPacjentPediatraAgnieszkaZubrzycka.choseSpecialist() throws java.lang.Exception]]>
              </value>
            </param>
          </params>
          <reporter-output>
          </reporter-output>
        </test-method> <!-- arquillianBeforeTest -->
        <test-method status="PASS" signature="choseSpecialist()[pri:0, instance:org.Test.TestTest.LuxmedPacjentPediatraAgnieszkaZubrzycka@4f933fd1]" name="choseSpecialist" duration-ms="201" started-at="2018-01-04T13:19:47Z" description="Wybór specjalisty" finished-at="2018-01-04T13:19:47Z">
          <reporter-output>
          </reporter-output>
        </test-method> <!-- choseSpecialist -->
        <test-method status="PASS" signature="arquillianAfterTest(java.lang.reflect.Method)[pri:0, instance:org.Test.TestTest.LuxmedPacjentPediatraAgnieszkaZubrzycka@4f933fd1]" name="arquillianAfterTest" is-config="true" duration-ms="1" started-at="2018-01-04T13:19:47Z" finished-at="2018-01-04T13:19:47Z">
          <params>
            <param index="0">
              <value>
                <![CDATA[public void org.Test.TestTest.LuxmedPacjentPediatraAgnieszkaZubrzycka.choseSpecialist() throws java.lang.Exception]]>
              </value>
            </param>
          </params>
          <reporter-output>
          </reporter-output>
        </test-method> <!-- arquillianAfterTest -->
        <test-method status="PASS" signature="arquillianBeforeTest(java.lang.reflect.Method)[pri:0, instance:org.Test.TestTest.LuxmedPacjentPediatraAgnieszkaZubrzycka@4f933fd1]" name="arquillianBeforeTest" is-config="true" duration-ms="151" started-at="2018-01-04T13:19:47Z" finished-at="2018-01-04T13:19:47Z">
          <params>
            <param index="0">
              <value>
                <![CDATA[public void org.Test.TestTest.LuxmedPacjentPediatraAgnieszkaZubrzycka.choseData() throws java.lang.Exception]]>
              </value>
            </param>
          </params>
          <reporter-output>
          </reporter-output>
        </test-method> <!-- arquillianBeforeTest -->
        <test-method status="PASS" signature="choseData()[pri:0, instance:org.Test.TestTest.LuxmedPacjentPediatraAgnieszkaZubrzycka@4f933fd1]" name="choseData" duration-ms="10361" started-at="2018-01-04T13:19:47Z" description="Wybór daty urodzenia" finished-at="2018-01-04T13:19:57Z">
          <reporter-output>
          </reporter-output>
        </test-method> <!-- choseData -->
        <test-method status="PASS" signature="arquillianAfterTest(java.lang.reflect.Method)[pri:0, instance:org.Test.TestTest.LuxmedPacjentPediatraAgnieszkaZubrzycka@4f933fd1]" name="arquillianAfterTest" is-config="true" duration-ms="1" started-at="2018-01-04T13:19:57Z" finished-at="2018-01-04T13:19:57Z">
          <params>
            <param index="0">
              <value>
                <![CDATA[public void org.Test.TestTest.LuxmedPacjentPediatraAgnieszkaZubrzycka.choseData() throws java.lang.Exception]]>
              </value>
            </param>
          </params>
          <reporter-output>
          </reporter-output>
        </test-method> <!-- arquillianAfterTest -->
        <test-method status="PASS" signature="arquillianBeforeTest(java.lang.reflect.Method)[pri:0, instance:org.Test.TestTest.LuxmedPacjentPediatraAgnieszkaZubrzycka@4f933fd1]" name="arquillianBeforeTest" is-config="true" duration-ms="171" started-at="2018-01-04T13:19:57Z" finished-at="2018-01-04T13:19:58Z">
          <params>
            <param index="0">
              <value>
                <![CDATA[public void org.Test.TestTest.LuxmedPacjentPediatraAgnieszkaZubrzycka.searchResults() throws java.lang.Exception]]>
              </value>
            </param>
          </params>
          <reporter-output>
          </reporter-output>
        </test-method> <!-- arquillianBeforeTest -->
        <test-method status="PASS" signature="searchResults()[pri:0, instance:org.Test.TestTest.LuxmedPacjentPediatraAgnieszkaZubrzycka@4f933fd1]" name="searchResults" duration-ms="13158" started-at="2018-01-04T13:19:58Z" description="Wyszukuj wizyty" finished-at="2018-01-04T13:20:11Z">
          <reporter-output>
          </reporter-output>
        </test-method> <!-- searchResults -->
        <test-method status="PASS" signature="arquillianAfterTest(java.lang.reflect.Method)[pri:0, instance:org.Test.TestTest.LuxmedPacjentPediatraAgnieszkaZubrzycka@4f933fd1]" name="arquillianAfterTest" is-config="true" duration-ms="2" started-at="2018-01-04T13:20:11Z" finished-at="2018-01-04T13:20:11Z">
          <params>
            <param index="0">
              <value>
                <![CDATA[public void org.Test.TestTest.LuxmedPacjentPediatraAgnieszkaZubrzycka.searchResults() throws java.lang.Exception]]>
              </value>
            </param>
          </params>
          <reporter-output>
          </reporter-output>
        </test-method> <!-- arquillianAfterTest -->
        <test-method status="PASS" signature="arquillianBeforeTest(java.lang.reflect.Method)[pri:0, instance:org.Test.TestTest.LuxmedPacjentPediatraAgnieszkaZubrzycka@4f933fd1]" name="arquillianBeforeTest" is-config="true" duration-ms="173" started-at="2018-01-04T13:20:11Z" finished-at="2018-01-04T13:20:11Z">
          <params>
            <param index="0">
              <value>
                <![CDATA[public void org.Test.TestTest.LuxmedPacjentPediatraAgnieszkaZubrzycka.goVisitTypeAndResults() throws java.lang.Exception]]>
              </value>
            </param>
          </params>
          <reporter-output>
          </reporter-output>
        </test-method> <!-- arquillianBeforeTest -->
        <test-method status="PASS" signature="goVisitTypeAndResults()[pri:0, instance:org.Test.TestTest.LuxmedPacjentPediatraAgnieszkaZubrzycka@4f933fd1]" name="goVisitTypeAndResults" duration-ms="9719" started-at="2018-01-04T13:20:11Z" description="Wybór rodzaju wizyty i dostepne terminy" finished-at="2018-01-04T13:20:21Z">
          <reporter-output>
          </reporter-output>
        </test-method> <!-- goVisitTypeAndResults -->
        <test-method status="PASS" signature="arquillianAfterTest(java.lang.reflect.Method)[pri:0, instance:org.Test.TestTest.LuxmedPacjentPediatraAgnieszkaZubrzycka@4f933fd1]" name="arquillianAfterTest" is-config="true" duration-ms="1" started-at="2018-01-04T13:20:21Z" finished-at="2018-01-04T13:20:21Z">
          <params>
            <param index="0">
              <value>
                <![CDATA[public void org.Test.TestTest.LuxmedPacjentPediatraAgnieszkaZubrzycka.goVisitTypeAndResults() throws java.lang.Exception]]>
              </value>
            </param>
          </params>
          <reporter-output>
          </reporter-output>
        </test-method> <!-- arquillianAfterTest -->
        <test-method status="PASS" signature="arquillianAfterClass()[pri:0, instance:org.Test.TestTest.LuxmedPacjentPediatraAgnieszkaZubrzycka@4f933fd1]" name="arquillianAfterClass" is-config="true" duration-ms="2256" started-at="2018-01-04T13:20:21Z" finished-at="2018-01-04T13:20:23Z">
          <reporter-output>
          </reporter-output>
        </test-method> <!-- arquillianAfterClass -->
        <test-method status="PASS" signature="arquillianAfterSuite()[pri:0, instance:org.Test.TestTest.LuxmedPacjentPediatraAgnieszkaZubrzycka@4f933fd1]" name="arquillianAfterSuite" is-config="true" duration-ms="4" started-at="2018-01-04T13:21:22Z" finished-at="2018-01-04T13:21:22Z">
          <reporter-output>
          </reporter-output>
        </test-method> <!-- arquillianAfterSuite -->
      </class> <!-- org.Test.TestTest.LuxmedPacjentPediatraAgnieszkaZubrzycka -->
      <class name="org.Test.TestTest.TestLuxmedPacjentPediatriaAllSpecialists">
        <test-method status="PASS" signature="arquillianBeforeClass()[pri:0, instance:org.Test.TestTest.TestLuxmedPacjentPediatriaAllSpecialists@4cc0edeb]" name="arquillianBeforeClass" is-config="true" duration-ms="2" started-at="2018-01-04T13:20:23Z" finished-at="2018-01-04T13:20:23Z">
          <reporter-output>
          </reporter-output>
        </test-method> <!-- arquillianBeforeClass -->
        <test-method status="PASS" signature="arquillianBeforeTest(java.lang.reflect.Method)[pri:0, instance:org.Test.TestTest.TestLuxmedPacjentPediatriaAllSpecialists@4cc0edeb]" name="arquillianBeforeTest" is-config="true" duration-ms="2738" started-at="2018-01-04T13:20:23Z" finished-at="2018-01-04T13:20:26Z">
          <params>
            <param index="0">
              <value>
                <![CDATA[public void org.Test.TestTest.TestLuxmedPacjentPediatriaAllSpecialists.LunchLuxmed1() throws java.lang.Exception]]>
              </value>
            </param>
          </params>
          <reporter-output>
          </reporter-output>
        </test-method> <!-- arquillianBeforeTest -->
        <test-method status="PASS" signature="LunchLuxmed1()[pri:0, instance:org.Test.TestTest.TestLuxmedPacjentPediatriaAllSpecialists@4cc0edeb]" name="LunchLuxmed1" duration-ms="5674" started-at="2018-01-04T13:20:26Z" description="Otwieranie strony" finished-at="2018-01-04T13:20:31Z">
          <reporter-output>
          </reporter-output>
        </test-method> <!-- LunchLuxmed1 -->
        <test-method status="PASS" signature="arquillianAfterTest(java.lang.reflect.Method)[pri:0, instance:org.Test.TestTest.TestLuxmedPacjentPediatriaAllSpecialists@4cc0edeb]" name="arquillianAfterTest" is-config="true" duration-ms="2" started-at="2018-01-04T13:20:31Z" finished-at="2018-01-04T13:20:31Z">
          <params>
            <param index="0">
              <value>
                <![CDATA[public void org.Test.TestTest.TestLuxmedPacjentPediatriaAllSpecialists.LunchLuxmed1() throws java.lang.Exception]]>
              </value>
            </param>
          </params>
          <reporter-output>
          </reporter-output>
        </test-method> <!-- arquillianAfterTest -->
        <test-method status="PASS" signature="arquillianBeforeTest(java.lang.reflect.Method)[pri:0, instance:org.Test.TestTest.TestLuxmedPacjentPediatriaAllSpecialists@4cc0edeb]" name="arquillianBeforeTest" is-config="true" duration-ms="240" started-at="2018-01-04T13:20:31Z" finished-at="2018-01-04T13:20:32Z">
          <params>
            <param index="0">
              <value>
                <![CDATA[public void org.Test.TestTest.TestLuxmedPacjentPediatriaAllSpecialists.ChosePacjent1()]]>
              </value>
            </param>
          </params>
          <reporter-output>
          </reporter-output>
        </test-method> <!-- arquillianBeforeTest -->
        <test-method status="PASS" signature="ChosePacjent1()[pri:0, instance:org.Test.TestTest.TestLuxmedPacjentPediatriaAllSpecialists@4cc0edeb]" name="ChosePacjent1" duration-ms="9379" started-at="2018-01-04T13:20:32Z" description="Wybieranie opcji pacjent" finished-at="2018-01-04T13:20:41Z">
          <reporter-output>
          </reporter-output>
        </test-method> <!-- ChosePacjent1 -->
        <test-method status="PASS" signature="arquillianAfterTest(java.lang.reflect.Method)[pri:0, instance:org.Test.TestTest.TestLuxmedPacjentPediatriaAllSpecialists@4cc0edeb]" name="arquillianAfterTest" is-config="true" duration-ms="1" started-at="2018-01-04T13:20:41Z" finished-at="2018-01-04T13:20:41Z">
          <params>
            <param index="0">
              <value>
                <![CDATA[public void org.Test.TestTest.TestLuxmedPacjentPediatriaAllSpecialists.ChosePacjent1()]]>
              </value>
            </param>
          </params>
          <reporter-output>
          </reporter-output>
        </test-method> <!-- arquillianAfterTest -->
        <test-method status="PASS" signature="arquillianBeforeTest(java.lang.reflect.Method)[pri:0, instance:org.Test.TestTest.TestLuxmedPacjentPediatriaAllSpecialists@4cc0edeb]" name="arquillianBeforeTest" is-config="true" duration-ms="258" started-at="2018-01-04T13:20:41Z" finished-at="2018-01-04T13:20:41Z">
          <params>
            <param index="0">
              <value>
                <![CDATA[public void org.Test.TestTest.TestLuxmedPacjentPediatriaAllSpecialists.CheckUrl1()]]>
              </value>
            </param>
          </params>
          <reporter-output>
          </reporter-output>
        </test-method> <!-- arquillianBeforeTest -->
        <test-method status="PASS" signature="CheckUrl1()[pri:0, instance:org.Test.TestTest.TestLuxmedPacjentPediatriaAllSpecialists@4cc0edeb]" name="CheckUrl1" duration-ms="285" started-at="2018-01-04T13:20:41Z" description="Potwierdzanie Url" finished-at="2018-01-04T13:20:42Z">
          <reporter-output>
          </reporter-output>
        </test-method> <!-- CheckUrl1 -->
        <test-method status="PASS" signature="arquillianAfterTest(java.lang.reflect.Method)[pri:0, instance:org.Test.TestTest.TestLuxmedPacjentPediatriaAllSpecialists@4cc0edeb]" name="arquillianAfterTest" is-config="true" duration-ms="1" started-at="2018-01-04T13:20:42Z" finished-at="2018-01-04T13:20:42Z">
          <params>
            <param index="0">
              <value>
                <![CDATA[public void org.Test.TestTest.TestLuxmedPacjentPediatriaAllSpecialists.CheckUrl1()]]>
              </value>
            </param>
          </params>
          <reporter-output>
          </reporter-output>
        </test-method> <!-- arquillianAfterTest -->
        <test-method status="PASS" signature="arquillianBeforeTest(java.lang.reflect.Method)[pri:0, instance:org.Test.TestTest.TestLuxmedPacjentPediatriaAllSpecialists@4cc0edeb]" name="arquillianBeforeTest" is-config="true" duration-ms="286" started-at="2018-01-04T13:20:42Z" finished-at="2018-01-04T13:20:42Z">
          <params>
            <param index="0">
              <value>
                <![CDATA[public void org.Test.TestTest.TestLuxmedPacjentPediatriaAllSpecialists.ClickRezerwacja1()]]>
              </value>
            </param>
          </params>
          <reporter-output>
          </reporter-output>
        </test-method> <!-- arquillianBeforeTest -->
        <test-method status="PASS" signature="ClickRezerwacja1()[pri:0, instance:org.Test.TestTest.TestLuxmedPacjentPediatriaAllSpecialists@4cc0edeb]" name="ClickRezerwacja1" duration-ms="4268" started-at="2018-01-04T13:20:42Z" description="Wybieranie Rezerwacji" finished-at="2018-01-04T13:20:46Z">
          <reporter-output>
          </reporter-output>
        </test-method> <!-- ClickRezerwacja1 -->
        <test-method status="PASS" signature="arquillianAfterTest(java.lang.reflect.Method)[pri:0, instance:org.Test.TestTest.TestLuxmedPacjentPediatriaAllSpecialists@4cc0edeb]" name="arquillianAfterTest" is-config="true" duration-ms="1" started-at="2018-01-04T13:20:46Z" finished-at="2018-01-04T13:20:46Z">
          <params>
            <param index="0">
              <value>
                <![CDATA[public void org.Test.TestTest.TestLuxmedPacjentPediatriaAllSpecialists.ClickRezerwacja1()]]>
              </value>
            </param>
          </params>
          <reporter-output>
          </reporter-output>
        </test-method> <!-- arquillianAfterTest -->
        <test-method status="PASS" signature="arquillianBeforeTest(java.lang.reflect.Method)[pri:0, instance:org.Test.TestTest.TestLuxmedPacjentPediatriaAllSpecialists@4cc0edeb]" name="arquillianBeforeTest" is-config="true" duration-ms="137" started-at="2018-01-04T13:20:46Z" finished-at="2018-01-04T13:20:46Z">
          <params>
            <param index="0">
              <value>
                <![CDATA[public void org.Test.TestTest.TestLuxmedPacjentPediatriaAllSpecialists.ChoseRodzajRezerwacji1() throws java.lang.Exception]]>
              </value>
            </param>
          </params>
          <reporter-output>
          </reporter-output>
        </test-method> <!-- arquillianBeforeTest -->
        <test-method status="PASS" signature="ChoseRodzajRezerwacji1()[pri:0, instance:org.Test.TestTest.TestLuxmedPacjentPediatriaAllSpecialists@4cc0edeb]" name="ChoseRodzajRezerwacji1" duration-ms="1434" started-at="2018-01-04T13:20:46Z" description="Wybieranie rodzaju wizyty" finished-at="2018-01-04T13:20:48Z">
          <reporter-output>
          </reporter-output>
        </test-method> <!-- ChoseRodzajRezerwacji1 -->
        <test-method status="PASS" signature="arquillianAfterTest(java.lang.reflect.Method)[pri:0, instance:org.Test.TestTest.TestLuxmedPacjentPediatriaAllSpecialists@4cc0edeb]" name="arquillianAfterTest" is-config="true" duration-ms="2" started-at="2018-01-04T13:20:48Z" finished-at="2018-01-04T13:20:48Z">
          <params>
            <param index="0">
              <value>
                <![CDATA[public void org.Test.TestTest.TestLuxmedPacjentPediatriaAllSpecialists.ChoseRodzajRezerwacji1() throws java.lang.Exception]]>
              </value>
            </param>
          </params>
          <reporter-output>
          </reporter-output>
        </test-method> <!-- arquillianAfterTest -->
        <test-method status="PASS" signature="arquillianBeforeTest(java.lang.reflect.Method)[pri:0, instance:org.Test.TestTest.TestLuxmedPacjentPediatriaAllSpecialists@4cc0edeb]" name="arquillianBeforeTest" is-config="true" duration-ms="146" started-at="2018-01-04T13:20:48Z" finished-at="2018-01-04T13:20:48Z">
          <params>
            <param index="0">
              <value>
                <![CDATA[public void org.Test.TestTest.TestLuxmedPacjentPediatriaAllSpecialists.choseLocationSpecialistPerson1() throws java.lang.Exception]]>
              </value>
            </param>
          </params>
          <reporter-output>
          </reporter-output>
        </test-method> <!-- arquillianBeforeTest -->
        <test-method status="PASS" signature="choseLocationSpecialistPerson1()[pri:0, instance:org.Test.TestTest.TestLuxmedPacjentPediatriaAllSpecialists@4cc0edeb]" name="choseLocationSpecialistPerson1" duration-ms="4403" started-at="2018-01-04T13:20:48Z" description="Wybór placówki" finished-at="2018-01-04T13:20:52Z">
          <reporter-output>
          </reporter-output>
        </test-method> <!-- choseLocationSpecialistPerson1 -->
        <test-method status="PASS" signature="arquillianAfterTest(java.lang.reflect.Method)[pri:0, instance:org.Test.TestTest.TestLuxmedPacjentPediatriaAllSpecialists@4cc0edeb]" name="arquillianAfterTest" is-config="true" duration-ms="2" started-at="2018-01-04T13:20:52Z" finished-at="2018-01-04T13:20:52Z">
          <params>
            <param index="0">
              <value>
                <![CDATA[public void org.Test.TestTest.TestLuxmedPacjentPediatriaAllSpecialists.choseLocationSpecialistPerson1() throws java.lang.Exception]]>
              </value>
            </param>
          </params>
          <reporter-output>
          </reporter-output>
        </test-method> <!-- arquillianAfterTest -->
        <test-method status="PASS" signature="arquillianBeforeTest(java.lang.reflect.Method)[pri:0, instance:org.Test.TestTest.TestLuxmedPacjentPediatriaAllSpecialists@4cc0edeb]" name="arquillianBeforeTest" is-config="true" duration-ms="140" started-at="2018-01-04T13:20:52Z" finished-at="2018-01-04T13:20:52Z">
          <params>
            <param index="0">
              <value>
                <![CDATA[public void org.Test.TestTest.TestLuxmedPacjentPediatriaAllSpecialists.choseSpecialist1() throws java.lang.Exception]]>
              </value>
            </param>
          </params>
          <reporter-output>
          </reporter-output>
        </test-method> <!-- arquillianBeforeTest -->
        <test-method status="PASS" signature="choseSpecialist1()[pri:0, instance:org.Test.TestTest.TestLuxmedPacjentPediatriaAllSpecialists@4cc0edeb]" name="choseSpecialist1" duration-ms="144" started-at="2018-01-04T13:20:52Z" description="Wybór specjalisty" finished-at="2018-01-04T13:20:53Z">
          <reporter-output>
          </reporter-output>
        </test-method> <!-- choseSpecialist1 -->
        <test-method status="PASS" signature="arquillianAfterTest(java.lang.reflect.Method)[pri:0, instance:org.Test.TestTest.TestLuxmedPacjentPediatriaAllSpecialists@4cc0edeb]" name="arquillianAfterTest" is-config="true" duration-ms="1" started-at="2018-01-04T13:20:53Z" finished-at="2018-01-04T13:20:53Z">
          <params>
            <param index="0">
              <value>
                <![CDATA[public void org.Test.TestTest.TestLuxmedPacjentPediatriaAllSpecialists.choseSpecialist1() throws java.lang.Exception]]>
              </value>
            </param>
          </params>
          <reporter-output>
          </reporter-output>
        </test-method> <!-- arquillianAfterTest -->
        <test-method status="PASS" signature="arquillianBeforeTest(java.lang.reflect.Method)[pri:0, instance:org.Test.TestTest.TestLuxmedPacjentPediatriaAllSpecialists@4cc0edeb]" name="arquillianBeforeTest" is-config="true" duration-ms="145" started-at="2018-01-04T13:20:53Z" finished-at="2018-01-04T13:20:53Z">
          <params>
            <param index="0">
              <value>
                <![CDATA[public void org.Test.TestTest.TestLuxmedPacjentPediatriaAllSpecialists.choseData1() throws java.lang.Exception]]>
              </value>
            </param>
          </params>
          <reporter-output>
          </reporter-output>
        </test-method> <!-- arquillianBeforeTest -->
        <test-method status="PASS" signature="choseData1()[pri:0, instance:org.Test.TestTest.TestLuxmedPacjentPediatriaAllSpecialists@4cc0edeb]" name="choseData1" duration-ms="10434" started-at="2018-01-04T13:20:53Z" description="Wybór daty urodzenia" finished-at="2018-01-04T13:21:03Z">
          <reporter-output>
          </reporter-output>
        </test-method> <!-- choseData1 -->
        <test-method status="PASS" signature="arquillianAfterTest(java.lang.reflect.Method)[pri:0, instance:org.Test.TestTest.TestLuxmedPacjentPediatriaAllSpecialists@4cc0edeb]" name="arquillianAfterTest" is-config="true" duration-ms="1" started-at="2018-01-04T13:21:03Z" finished-at="2018-01-04T13:21:03Z">
          <params>
            <param index="0">
              <value>
                <![CDATA[public void org.Test.TestTest.TestLuxmedPacjentPediatriaAllSpecialists.choseData1() throws java.lang.Exception]]>
              </value>
            </param>
          </params>
          <reporter-output>
          </reporter-output>
        </test-method> <!-- arquillianAfterTest -->
        <test-method status="PASS" signature="arquillianBeforeTest(java.lang.reflect.Method)[pri:0, instance:org.Test.TestTest.TestLuxmedPacjentPediatriaAllSpecialists@4cc0edeb]" name="arquillianBeforeTest" is-config="true" duration-ms="150" started-at="2018-01-04T13:21:03Z" finished-at="2018-01-04T13:21:03Z">
          <params>
            <param index="0">
              <value>
                <![CDATA[public void org.Test.TestTest.TestLuxmedPacjentPediatriaAllSpecialists.searchResults1() throws java.lang.Exception]]>
              </value>
            </param>
          </params>
          <reporter-output>
          </reporter-output>
        </test-method> <!-- arquillianBeforeTest -->
        <test-method status="PASS" signature="searchResults1()[pri:0, instance:org.Test.TestTest.TestLuxmedPacjentPediatriaAllSpecialists@4cc0edeb]" name="searchResults1" duration-ms="15521" started-at="2018-01-04T13:21:03Z" description="Wyszukuj wizyty" finished-at="2018-01-04T13:21:19Z">
          <reporter-output>
          </reporter-output>
        </test-method> <!-- searchResults1 -->
        <test-method status="PASS" signature="arquillianAfterTest(java.lang.reflect.Method)[pri:0, instance:org.Test.TestTest.TestLuxmedPacjentPediatriaAllSpecialists@4cc0edeb]" name="arquillianAfterTest" is-config="true" duration-ms="2" started-at="2018-01-04T13:21:19Z" finished-at="2018-01-04T13:21:19Z">
          <params>
            <param index="0">
              <value>
                <![CDATA[public void org.Test.TestTest.TestLuxmedPacjentPediatriaAllSpecialists.searchResults1() throws java.lang.Exception]]>
              </value>
            </param>
          </params>
          <reporter-output>
          </reporter-output>
        </test-method> <!-- arquillianAfterTest -->
        <test-method status="PASS" signature="arquillianBeforeTest(java.lang.reflect.Method)[pri:0, instance:org.Test.TestTest.TestLuxmedPacjentPediatriaAllSpecialists@4cc0edeb]" name="arquillianBeforeTest" is-config="true" duration-ms="174" started-at="2018-01-04T13:21:19Z" finished-at="2018-01-04T13:21:19Z">
          <params>
            <param index="0">
              <value>
                <![CDATA[public void org.Test.TestTest.TestLuxmedPacjentPediatriaAllSpecialists.printSpecWyniki1() throws java.lang.Exception]]>
              </value>
            </param>
          </params>
          <reporter-output>
          </reporter-output>
        </test-method> <!-- arquillianBeforeTest -->
        <test-method status="PASS" signature="printSpecWyniki1()[pri:0, instance:org.Test.TestTest.TestLuxmedPacjentPediatriaAllSpecialists@4cc0edeb]" name="printSpecWyniki1" duration-ms="1149" started-at="2018-01-04T13:21:19Z" description="Print wszystkich specialistów z datami wolnego terminu" finished-at="2018-01-04T13:21:20Z">
          <reporter-output>
          </reporter-output>
        </test-method> <!-- printSpecWyniki1 -->
        <test-method status="PASS" signature="arquillianAfterTest(java.lang.reflect.Method)[pri:0, instance:org.Test.TestTest.TestLuxmedPacjentPediatriaAllSpecialists@4cc0edeb]" name="arquillianAfterTest" is-config="true" duration-ms="1" started-at="2018-01-04T13:21:20Z" finished-at="2018-01-04T13:21:20Z">
          <params>
            <param index="0">
              <value>
                <![CDATA[public void org.Test.TestTest.TestLuxmedPacjentPediatriaAllSpecialists.printSpecWyniki1() throws java.lang.Exception]]>
              </value>
            </param>
          </params>
          <reporter-output>
          </reporter-output>
        </test-method> <!-- arquillianAfterTest -->
        <test-method status="PASS" signature="arquillianAfterClass()[pri:0, instance:org.Test.TestTest.TestLuxmedPacjentPediatriaAllSpecialists@4cc0edeb]" name="arquillianAfterClass" is-config="true" duration-ms="2278" started-at="2018-01-04T13:21:20Z" finished-at="2018-01-04T13:21:22Z">
          <reporter-output>
          </reporter-output>
        </test-method> <!-- arquillianAfterClass -->
      </class> <!-- org.Test.TestTest.TestLuxmedPacjentPediatriaAllSpecialists -->
    </test> <!-- MyTests -->
  </suite> <!-- LuxmedTest -->
</testng-results>
