<?xml version="1.0" encoding="UTF-8"?>
<testng-results skipped="0" failed="0" total="20" passed="20">
  <reporter-output>
  </reporter-output>
  <suite name="LuxmedTest" duration-ms="126413" started-at="2018-01-04T07:05:08Z" finished-at="2018-01-04T07:07:14Z">
    <groups>
    </groups>
    <test name="MyTests" duration-ms="126413" started-at="2018-01-04T07:05:08Z" finished-at="2018-01-04T07:07:14Z">
      <class name="org.Test.TestTest.LuxmedPacjentPediatraAgnieszkaZubrzycka">
        <test-method status="PASS" signature="arquillianBeforeSuite()[pri:0, instance:org.Test.TestTest.LuxmedPacjentPediatraAgnieszkaZubrzycka@4f933fd1]" name="arquillianBeforeSuite" is-config="true" duration-ms="916" started-at="2018-01-04T08:05:07Z" finished-at="2018-01-04T08:05:08Z">
          <reporter-output>
          </reporter-output>
        </test-method> <!-- arquillianBeforeSuite -->
        <test-method status="PASS" signature="arquillianBeforeClass()[pri:0, instance:org.Test.TestTest.LuxmedPacjentPediatraAgnieszkaZubrzycka@4f933fd1]" name="arquillianBeforeClass" is-config="true" duration-ms="20" started-at="2018-01-04T08:05:08Z" finished-at="2018-01-04T08:05:08Z">
          <reporter-output>
          </reporter-output>
        </test-method> <!-- arquillianBeforeClass -->
        <test-method status="PASS" signature="arquillianBeforeTest(java.lang.reflect.Method)[pri:0, instance:org.Test.TestTest.LuxmedPacjentPediatraAgnieszkaZubrzycka@4f933fd1]" name="arquillianBeforeTest" is-config="true" duration-ms="4465" started-at="2018-01-04T08:05:08Z" finished-at="2018-01-04T08:05:13Z">
          <params>
            <param index="0">
              <value>
                <![CDATA[public void org.Test.TestTest.LuxmedPacjentPediatraAgnieszkaZubrzycka.LunchLuxmed() throws java.lang.Exception]]>
              </value>
            </param>
          </params>
          <reporter-output>
          </reporter-output>
        </test-method> <!-- arquillianBeforeTest -->
        <test-method status="PASS" signature="LunchLuxmed()[pri:0, instance:org.Test.TestTest.LuxmedPacjentPediatraAgnieszkaZubrzycka@4f933fd1]" name="LunchLuxmed" duration-ms="6638" started-at="2018-01-04T08:05:13Z" description="Otwieranie strony" finished-at="2018-01-04T08:05:19Z">
          <reporter-output>
          </reporter-output>
        </test-method> <!-- LunchLuxmed -->
        <test-method status="PASS" signature="arquillianAfterTest(java.lang.reflect.Method)[pri:0, instance:org.Test.TestTest.LuxmedPacjentPediatraAgnieszkaZubrzycka@4f933fd1]" name="arquillianAfterTest" is-config="true" duration-ms="2" started-at="2018-01-04T08:05:19Z" finished-at="2018-01-04T08:05:19Z">
          <params>
            <param index="0">
              <value>
                <![CDATA[public void org.Test.TestTest.LuxmedPacjentPediatraAgnieszkaZubrzycka.LunchLuxmed() throws java.lang.Exception]]>
              </value>
            </param>
          </params>
          <reporter-output>
          </reporter-output>
        </test-method> <!-- arquillianAfterTest -->
        <test-method status="PASS" signature="arquillianBeforeTest(java.lang.reflect.Method)[pri:0, instance:org.Test.TestTest.LuxmedPacjentPediatraAgnieszkaZubrzycka@4f933fd1]" name="arquillianBeforeTest" is-config="true" duration-ms="323" started-at="2018-01-04T08:05:19Z" finished-at="2018-01-04T08:05:19Z">
          <params>
            <param index="0">
              <value>
                <![CDATA[public void org.Test.TestTest.LuxmedPacjentPediatraAgnieszkaZubrzycka.ChosePacjent()]]>
              </value>
            </param>
          </params>
          <reporter-output>
          </reporter-output>
        </test-method> <!-- arquillianBeforeTest -->
        <test-method status="PASS" signature="ChosePacjent()[pri:0, instance:org.Test.TestTest.LuxmedPacjentPediatraAgnieszkaZubrzycka@4f933fd1]" name="ChosePacjent" duration-ms="9078" started-at="2018-01-04T08:05:19Z" description="Wybieranie opcji pacjent" finished-at="2018-01-04T08:05:29Z">
          <reporter-output>
          </reporter-output>
        </test-method> <!-- ChosePacjent -->
        <test-method status="PASS" signature="arquillianAfterTest(java.lang.reflect.Method)[pri:0, instance:org.Test.TestTest.LuxmedPacjentPediatraAgnieszkaZubrzycka@4f933fd1]" name="arquillianAfterTest" is-config="true" duration-ms="1" started-at="2018-01-04T08:05:29Z" finished-at="2018-01-04T08:05:29Z">
          <params>
            <param index="0">
              <value>
                <![CDATA[public void org.Test.TestTest.LuxmedPacjentPediatraAgnieszkaZubrzycka.ChosePacjent()]]>
              </value>
            </param>
          </params>
          <reporter-output>
          </reporter-output>
        </test-method> <!-- arquillianAfterTest -->
        <test-method status="PASS" signature="arquillianBeforeTest(java.lang.reflect.Method)[pri:0, instance:org.Test.TestTest.LuxmedPacjentPediatraAgnieszkaZubrzycka@4f933fd1]" name="arquillianBeforeTest" is-config="true" duration-ms="362" started-at="2018-01-04T08:05:29Z" finished-at="2018-01-04T08:05:29Z">
          <params>
            <param index="0">
              <value>
                <![CDATA[public void org.Test.TestTest.LuxmedPacjentPediatraAgnieszkaZubrzycka.CheckUrl()]]>
              </value>
            </param>
          </params>
          <reporter-output>
          </reporter-output>
        </test-method> <!-- arquillianBeforeTest -->
        <test-method status="PASS" signature="CheckUrl()[pri:0, instance:org.Test.TestTest.LuxmedPacjentPediatraAgnieszkaZubrzycka@4f933fd1]" name="CheckUrl" duration-ms="353" started-at="2018-01-04T08:05:29Z" description="Potwierdzanie Url" finished-at="2018-01-04T08:05:29Z">
          <reporter-output>
          </reporter-output>
        </test-method> <!-- CheckUrl -->
        <test-method status="PASS" signature="arquillianAfterTest(java.lang.reflect.Method)[pri:0, instance:org.Test.TestTest.LuxmedPacjentPediatraAgnieszkaZubrzycka@4f933fd1]" name="arquillianAfterTest" is-config="true" duration-ms="0" started-at="2018-01-04T08:05:29Z" finished-at="2018-01-04T08:05:29Z">
          <params>
            <param index="0">
              <value>
                <![CDATA[public void org.Test.TestTest.LuxmedPacjentPediatraAgnieszkaZubrzycka.CheckUrl()]]>
              </value>
            </param>
          </params>
          <reporter-output>
          </reporter-output>
        </test-method> <!-- arquillianAfterTest -->
        <test-method status="PASS" signature="arquillianBeforeTest(java.lang.reflect.Method)[pri:0, instance:org.Test.TestTest.LuxmedPacjentPediatraAgnieszkaZubrzycka@4f933fd1]" name="arquillianBeforeTest" is-config="true" duration-ms="282" started-at="2018-01-04T08:05:29Z" finished-at="2018-01-04T08:05:30Z">
          <params>
            <param index="0">
              <value>
                <![CDATA[public void org.Test.TestTest.LuxmedPacjentPediatraAgnieszkaZubrzycka.ClickRezerwacja()]]>
              </value>
            </param>
          </params>
          <reporter-output>
          </reporter-output>
        </test-method> <!-- arquillianBeforeTest -->
        <test-method status="PASS" signature="ClickRezerwacja()[pri:0, instance:org.Test.TestTest.LuxmedPacjentPediatraAgnieszkaZubrzycka@4f933fd1]" name="ClickRezerwacja" duration-ms="3228" started-at="2018-01-04T08:05:30Z" description="Wybieranie Rezerwacji" finished-at="2018-01-04T08:05:33Z">
          <reporter-output>
          </reporter-output>
        </test-method> <!-- ClickRezerwacja -->
        <test-method status="PASS" signature="arquillianAfterTest(java.lang.reflect.Method)[pri:0, instance:org.Test.TestTest.LuxmedPacjentPediatraAgnieszkaZubrzycka@4f933fd1]" name="arquillianAfterTest" is-config="true" duration-ms="1" started-at="2018-01-04T08:05:33Z" finished-at="2018-01-04T08:05:33Z">
          <params>
            <param index="0">
              <value>
                <![CDATA[public void org.Test.TestTest.LuxmedPacjentPediatraAgnieszkaZubrzycka.ClickRezerwacja()]]>
              </value>
            </param>
          </params>
          <reporter-output>
          </reporter-output>
        </test-method> <!-- arquillianAfterTest -->
        <test-method status="PASS" signature="arquillianBeforeTest(java.lang.reflect.Method)[pri:0, instance:org.Test.TestTest.LuxmedPacjentPediatraAgnieszkaZubrzycka@4f933fd1]" name="arquillianBeforeTest" is-config="true" duration-ms="156" started-at="2018-01-04T08:05:33Z" finished-at="2018-01-04T08:05:33Z">
          <params>
            <param index="0">
              <value>
                <![CDATA[public void org.Test.TestTest.LuxmedPacjentPediatraAgnieszkaZubrzycka.ChoseRodzajRezerwacji() throws java.lang.Exception]]>
              </value>
            </param>
          </params>
          <reporter-output>
          </reporter-output>
        </test-method> <!-- arquillianBeforeTest -->
        <test-method status="PASS" signature="ChoseRodzajRezerwacji()[pri:0, instance:org.Test.TestTest.LuxmedPacjentPediatraAgnieszkaZubrzycka@4f933fd1]" name="ChoseRodzajRezerwacji" duration-ms="1512" started-at="2018-01-04T08:05:33Z" description="Wybieranie rodzaju wizyty" finished-at="2018-01-04T08:05:34Z">
          <reporter-output>
          </reporter-output>
        </test-method> <!-- ChoseRodzajRezerwacji -->
        <test-method status="PASS" signature="arquillianAfterTest(java.lang.reflect.Method)[pri:0, instance:org.Test.TestTest.LuxmedPacjentPediatraAgnieszkaZubrzycka@4f933fd1]" name="arquillianAfterTest" is-config="true" duration-ms="1" started-at="2018-01-04T08:05:34Z" finished-at="2018-01-04T08:05:34Z">
          <params>
            <param index="0">
              <value>
                <![CDATA[public void org.Test.TestTest.LuxmedPacjentPediatraAgnieszkaZubrzycka.ChoseRodzajRezerwacji() throws java.lang.Exception]]>
              </value>
            </param>
          </params>
          <reporter-output>
          </reporter-output>
        </test-method> <!-- arquillianAfterTest -->
        <test-method status="PASS" signature="arquillianBeforeTest(java.lang.reflect.Method)[pri:0, instance:org.Test.TestTest.LuxmedPacjentPediatraAgnieszkaZubrzycka@4f933fd1]" name="arquillianBeforeTest" is-config="true" duration-ms="150" started-at="2018-01-04T08:05:34Z" finished-at="2018-01-04T08:05:35Z">
          <params>
            <param index="0">
              <value>
                <![CDATA[public void org.Test.TestTest.LuxmedPacjentPediatraAgnieszkaZubrzycka.choseLocationSpecialistPerson() throws java.lang.Exception]]>
              </value>
            </param>
          </params>
          <reporter-output>
          </reporter-output>
        </test-method> <!-- arquillianBeforeTest -->
        <test-method status="PASS" signature="choseLocationSpecialistPerson()[pri:0, instance:org.Test.TestTest.LuxmedPacjentPediatraAgnieszkaZubrzycka@4f933fd1]" name="choseLocationSpecialistPerson" duration-ms="4361" started-at="2018-01-04T08:05:35Z" description="Wybór placówki" finished-at="2018-01-04T08:05:39Z">
          <reporter-output>
          </reporter-output>
        </test-method> <!-- choseLocationSpecialistPerson -->
        <test-method status="PASS" signature="arquillianAfterTest(java.lang.reflect.Method)[pri:0, instance:org.Test.TestTest.LuxmedPacjentPediatraAgnieszkaZubrzycka@4f933fd1]" name="arquillianAfterTest" is-config="true" duration-ms="1" started-at="2018-01-04T08:05:39Z" finished-at="2018-01-04T08:05:39Z">
          <params>
            <param index="0">
              <value>
                <![CDATA[public void org.Test.TestTest.LuxmedPacjentPediatraAgnieszkaZubrzycka.choseLocationSpecialistPerson() throws java.lang.Exception]]>
              </value>
            </param>
          </params>
          <reporter-output>
          </reporter-output>
        </test-method> <!-- arquillianAfterTest -->
        <test-method status="PASS" signature="arquillianBeforeTest(java.lang.reflect.Method)[pri:0, instance:org.Test.TestTest.LuxmedPacjentPediatraAgnieszkaZubrzycka@4f933fd1]" name="arquillianBeforeTest" is-config="true" duration-ms="150" started-at="2018-01-04T08:05:39Z" finished-at="2018-01-04T08:05:39Z">
          <params>
            <param index="0">
              <value>
                <![CDATA[public void org.Test.TestTest.LuxmedPacjentPediatraAgnieszkaZubrzycka.choseSpecialist() throws java.lang.Exception]]>
              </value>
            </param>
          </params>
          <reporter-output>
          </reporter-output>
        </test-method> <!-- arquillianBeforeTest -->
        <test-method status="PASS" signature="choseSpecialist()[pri:0, instance:org.Test.TestTest.LuxmedPacjentPediatraAgnieszkaZubrzycka@4f933fd1]" name="choseSpecialist" duration-ms="184" started-at="2018-01-04T08:05:39Z" description="Wybór specjalisty" finished-at="2018-01-04T08:05:39Z">
          <reporter-output>
          </reporter-output>
        </test-method> <!-- choseSpecialist -->
        <test-method status="PASS" signature="arquillianBeforeTest(java.lang.reflect.Method)[pri:0, instance:org.Test.TestTest.LuxmedPacjentPediatraAgnieszkaZubrzycka@4f933fd1]" name="arquillianBeforeTest" is-config="true" duration-ms="143" started-at="2018-01-04T08:05:39Z" finished-at="2018-01-04T08:05:39Z">
          <params>
            <param index="0">
              <value>
                <![CDATA[public void org.Test.TestTest.LuxmedPacjentPediatraAgnieszkaZubrzycka.choseData() throws java.lang.Exception]]>
              </value>
            </param>
          </params>
          <reporter-output>
          </reporter-output>
        </test-method> <!-- arquillianBeforeTest -->
        <test-method status="PASS" signature="arquillianAfterTest(java.lang.reflect.Method)[pri:0, instance:org.Test.TestTest.LuxmedPacjentPediatraAgnieszkaZubrzycka@4f933fd1]" name="arquillianAfterTest" is-config="true" duration-ms="0" started-at="2018-01-04T08:05:39Z" finished-at="2018-01-04T08:05:39Z">
          <params>
            <param index="0">
              <value>
                <![CDATA[public void org.Test.TestTest.LuxmedPacjentPediatraAgnieszkaZubrzycka.choseSpecialist() throws java.lang.Exception]]>
              </value>
            </param>
          </params>
          <reporter-output>
          </reporter-output>
        </test-method> <!-- arquillianAfterTest -->
        <test-method status="PASS" signature="choseData()[pri:0, instance:org.Test.TestTest.LuxmedPacjentPediatraAgnieszkaZubrzycka@4f933fd1]" name="choseData" duration-ms="10358" started-at="2018-01-04T08:05:39Z" description="Wybór daty urodzenia" finished-at="2018-01-04T08:05:50Z">
          <reporter-output>
          </reporter-output>
        </test-method> <!-- choseData -->
        <test-method status="PASS" signature="arquillianAfterTest(java.lang.reflect.Method)[pri:0, instance:org.Test.TestTest.LuxmedPacjentPediatraAgnieszkaZubrzycka@4f933fd1]" name="arquillianAfterTest" is-config="true" duration-ms="1" started-at="2018-01-04T08:05:50Z" finished-at="2018-01-04T08:05:50Z">
          <params>
            <param index="0">
              <value>
                <![CDATA[public void org.Test.TestTest.LuxmedPacjentPediatraAgnieszkaZubrzycka.choseData() throws java.lang.Exception]]>
              </value>
            </param>
          </params>
          <reporter-output>
          </reporter-output>
        </test-method> <!-- arquillianAfterTest -->
        <test-method status="PASS" signature="arquillianBeforeTest(java.lang.reflect.Method)[pri:0, instance:org.Test.TestTest.LuxmedPacjentPediatraAgnieszkaZubrzycka@4f933fd1]" name="arquillianBeforeTest" is-config="true" duration-ms="147" started-at="2018-01-04T08:05:50Z" finished-at="2018-01-04T08:05:50Z">
          <params>
            <param index="0">
              <value>
                <![CDATA[public void org.Test.TestTest.LuxmedPacjentPediatraAgnieszkaZubrzycka.searchResults() throws java.lang.Exception]]>
              </value>
            </param>
          </params>
          <reporter-output>
          </reporter-output>
        </test-method> <!-- arquillianBeforeTest -->
        <test-method status="PASS" signature="searchResults()[pri:0, instance:org.Test.TestTest.LuxmedPacjentPediatraAgnieszkaZubrzycka@4f933fd1]" name="searchResults" duration-ms="13742" started-at="2018-01-04T08:05:50Z" description="Wyszukuj wizyty" finished-at="2018-01-04T08:06:04Z">
          <reporter-output>
          </reporter-output>
        </test-method> <!-- searchResults -->
        <test-method status="PASS" signature="arquillianAfterTest(java.lang.reflect.Method)[pri:0, instance:org.Test.TestTest.LuxmedPacjentPediatraAgnieszkaZubrzycka@4f933fd1]" name="arquillianAfterTest" is-config="true" duration-ms="1" started-at="2018-01-04T08:06:04Z" finished-at="2018-01-04T08:06:04Z">
          <params>
            <param index="0">
              <value>
                <![CDATA[public void org.Test.TestTest.LuxmedPacjentPediatraAgnieszkaZubrzycka.searchResults() throws java.lang.Exception]]>
              </value>
            </param>
          </params>
          <reporter-output>
          </reporter-output>
        </test-method> <!-- arquillianAfterTest -->
        <test-method status="PASS" signature="arquillianBeforeTest(java.lang.reflect.Method)[pri:0, instance:org.Test.TestTest.LuxmedPacjentPediatraAgnieszkaZubrzycka@4f933fd1]" name="arquillianBeforeTest" is-config="true" duration-ms="176" started-at="2018-01-04T08:06:04Z" finished-at="2018-01-04T08:06:04Z">
          <params>
            <param index="0">
              <value>
                <![CDATA[public void org.Test.TestTest.LuxmedPacjentPediatraAgnieszkaZubrzycka.goVisitTypeAndResults() throws java.lang.Exception]]>
              </value>
            </param>
          </params>
          <reporter-output>
          </reporter-output>
        </test-method> <!-- arquillianBeforeTest -->
        <test-method status="PASS" signature="goVisitTypeAndResults()[pri:0, instance:org.Test.TestTest.LuxmedPacjentPediatraAgnieszkaZubrzycka@4f933fd1]" name="goVisitTypeAndResults" duration-ms="9506" started-at="2018-01-04T08:06:04Z" description="Wybór rodzaju wizyty i dostepne terminy" finished-at="2018-01-04T08:06:13Z">
          <reporter-output>
          </reporter-output>
        </test-method> <!-- goVisitTypeAndResults -->
        <test-method status="PASS" signature="arquillianAfterTest(java.lang.reflect.Method)[pri:0, instance:org.Test.TestTest.LuxmedPacjentPediatraAgnieszkaZubrzycka@4f933fd1]" name="arquillianAfterTest" is-config="true" duration-ms="1" started-at="2018-01-04T08:06:13Z" finished-at="2018-01-04T08:06:13Z">
          <params>
            <param index="0">
              <value>
                <![CDATA[public void org.Test.TestTest.LuxmedPacjentPediatraAgnieszkaZubrzycka.goVisitTypeAndResults() throws java.lang.Exception]]>
              </value>
            </param>
          </params>
          <reporter-output>
          </reporter-output>
        </test-method> <!-- arquillianAfterTest -->
        <test-method status="PASS" signature="arquillianAfterClass()[pri:0, instance:org.Test.TestTest.LuxmedPacjentPediatraAgnieszkaZubrzycka@4f933fd1]" name="arquillianAfterClass" is-config="true" duration-ms="2201" started-at="2018-01-04T08:06:13Z" finished-at="2018-01-04T08:06:16Z">
          <reporter-output>
          </reporter-output>
        </test-method> <!-- arquillianAfterClass -->
        <test-method status="PASS" signature="arquillianAfterSuite()[pri:0, instance:org.Test.TestTest.LuxmedPacjentPediatraAgnieszkaZubrzycka@4f933fd1]" name="arquillianAfterSuite" is-config="true" duration-ms="6" started-at="2018-01-04T08:07:14Z" finished-at="2018-01-04T08:07:14Z">
          <reporter-output>
          </reporter-output>
        </test-method> <!-- arquillianAfterSuite -->
      </class> <!-- org.Test.TestTest.LuxmedPacjentPediatraAgnieszkaZubrzycka -->
      <class name="org.Test.TestTest.TestLuxmedPacjentPediatriaAllSpecialists">
        <test-method status="PASS" signature="arquillianBeforeClass()[pri:0, instance:org.Test.TestTest.TestLuxmedPacjentPediatriaAllSpecialists@4cc0edeb]" name="arquillianBeforeClass" is-config="true" duration-ms="1" started-at="2018-01-04T08:06:16Z" finished-at="2018-01-04T08:06:16Z">
          <reporter-output>
          </reporter-output>
        </test-method> <!-- arquillianBeforeClass -->
        <test-method status="PASS" signature="arquillianBeforeTest(java.lang.reflect.Method)[pri:0, instance:org.Test.TestTest.TestLuxmedPacjentPediatriaAllSpecialists@4cc0edeb]" name="arquillianBeforeTest" is-config="true" duration-ms="2718" started-at="2018-01-04T08:06:16Z" finished-at="2018-01-04T08:06:18Z">
          <params>
            <param index="0">
              <value>
                <![CDATA[public void org.Test.TestTest.TestLuxmedPacjentPediatriaAllSpecialists.LunchLuxmed1() throws java.lang.Exception]]>
              </value>
            </param>
          </params>
          <reporter-output>
          </reporter-output>
        </test-method> <!-- arquillianBeforeTest -->
        <test-method status="PASS" signature="LunchLuxmed1()[pri:0, instance:org.Test.TestTest.TestLuxmedPacjentPediatriaAllSpecialists@4cc0edeb]" name="LunchLuxmed1" duration-ms="5864" started-at="2018-01-04T08:06:18Z" description="Otwieranie strony" finished-at="2018-01-04T08:06:24Z">
          <reporter-output>
          </reporter-output>
        </test-method> <!-- LunchLuxmed1 -->
        <test-method status="PASS" signature="arquillianAfterTest(java.lang.reflect.Method)[pri:0, instance:org.Test.TestTest.TestLuxmedPacjentPediatriaAllSpecialists@4cc0edeb]" name="arquillianAfterTest" is-config="true" duration-ms="1" started-at="2018-01-04T08:06:24Z" finished-at="2018-01-04T08:06:24Z">
          <params>
            <param index="0">
              <value>
                <![CDATA[public void org.Test.TestTest.TestLuxmedPacjentPediatriaAllSpecialists.LunchLuxmed1() throws java.lang.Exception]]>
              </value>
            </param>
          </params>
          <reporter-output>
          </reporter-output>
        </test-method> <!-- arquillianAfterTest -->
        <test-method status="PASS" signature="arquillianBeforeTest(java.lang.reflect.Method)[pri:0, instance:org.Test.TestTest.TestLuxmedPacjentPediatriaAllSpecialists@4cc0edeb]" name="arquillianBeforeTest" is-config="true" duration-ms="221" started-at="2018-01-04T08:06:24Z" finished-at="2018-01-04T08:06:24Z">
          <params>
            <param index="0">
              <value>
                <![CDATA[public void org.Test.TestTest.TestLuxmedPacjentPediatriaAllSpecialists.ChosePacjent1()]]>
              </value>
            </param>
          </params>
          <reporter-output>
          </reporter-output>
        </test-method> <!-- arquillianBeforeTest -->
        <test-method status="PASS" signature="ChosePacjent1()[pri:0, instance:org.Test.TestTest.TestLuxmedPacjentPediatriaAllSpecialists@4cc0edeb]" name="ChosePacjent1" duration-ms="9584" started-at="2018-01-04T08:06:24Z" description="Wybieranie opcji pacjent" finished-at="2018-01-04T08:06:34Z">
          <reporter-output>
          </reporter-output>
        </test-method> <!-- ChosePacjent1 -->
        <test-method status="PASS" signature="arquillianAfterTest(java.lang.reflect.Method)[pri:0, instance:org.Test.TestTest.TestLuxmedPacjentPediatriaAllSpecialists@4cc0edeb]" name="arquillianAfterTest" is-config="true" duration-ms="0" started-at="2018-01-04T08:06:34Z" finished-at="2018-01-04T08:06:34Z">
          <params>
            <param index="0">
              <value>
                <![CDATA[public void org.Test.TestTest.TestLuxmedPacjentPediatriaAllSpecialists.ChosePacjent1()]]>
              </value>
            </param>
          </params>
          <reporter-output>
          </reporter-output>
        </test-method> <!-- arquillianAfterTest -->
        <test-method status="PASS" signature="arquillianBeforeTest(java.lang.reflect.Method)[pri:0, instance:org.Test.TestTest.TestLuxmedPacjentPediatriaAllSpecialists@4cc0edeb]" name="arquillianBeforeTest" is-config="true" duration-ms="290" started-at="2018-01-04T08:06:34Z" finished-at="2018-01-04T08:06:34Z">
          <params>
            <param index="0">
              <value>
                <![CDATA[public void org.Test.TestTest.TestLuxmedPacjentPediatriaAllSpecialists.CheckUrl1()]]>
              </value>
            </param>
          </params>
          <reporter-output>
          </reporter-output>
        </test-method> <!-- arquillianBeforeTest -->
        <test-method status="PASS" signature="CheckUrl1()[pri:0, instance:org.Test.TestTest.TestLuxmedPacjentPediatriaAllSpecialists@4cc0edeb]" name="CheckUrl1" duration-ms="293" started-at="2018-01-04T08:06:34Z" description="Potwierdzanie Url" finished-at="2018-01-04T08:06:35Z">
          <reporter-output>
          </reporter-output>
        </test-method> <!-- CheckUrl1 -->
        <test-method status="PASS" signature="arquillianAfterTest(java.lang.reflect.Method)[pri:0, instance:org.Test.TestTest.TestLuxmedPacjentPediatriaAllSpecialists@4cc0edeb]" name="arquillianAfterTest" is-config="true" duration-ms="1" started-at="2018-01-04T08:06:35Z" finished-at="2018-01-04T08:06:35Z">
          <params>
            <param index="0">
              <value>
                <![CDATA[public void org.Test.TestTest.TestLuxmedPacjentPediatriaAllSpecialists.CheckUrl1()]]>
              </value>
            </param>
          </params>
          <reporter-output>
          </reporter-output>
        </test-method> <!-- arquillianAfterTest -->
        <test-method status="PASS" signature="arquillianBeforeTest(java.lang.reflect.Method)[pri:0, instance:org.Test.TestTest.TestLuxmedPacjentPediatriaAllSpecialists@4cc0edeb]" name="arquillianBeforeTest" is-config="true" duration-ms="272" started-at="2018-01-04T08:06:35Z" finished-at="2018-01-04T08:06:35Z">
          <params>
            <param index="0">
              <value>
                <![CDATA[public void org.Test.TestTest.TestLuxmedPacjentPediatriaAllSpecialists.ClickRezerwacja1()]]>
              </value>
            </param>
          </params>
          <reporter-output>
          </reporter-output>
        </test-method> <!-- arquillianBeforeTest -->
        <test-method status="PASS" signature="ClickRezerwacja1()[pri:0, instance:org.Test.TestTest.TestLuxmedPacjentPediatriaAllSpecialists@4cc0edeb]" name="ClickRezerwacja1" duration-ms="3345" started-at="2018-01-04T08:06:35Z" description="Wybieranie Rezerwacji" finished-at="2018-01-04T08:06:38Z">
          <reporter-output>
          </reporter-output>
        </test-method> <!-- ClickRezerwacja1 -->
        <test-method status="PASS" signature="arquillianAfterTest(java.lang.reflect.Method)[pri:0, instance:org.Test.TestTest.TestLuxmedPacjentPediatriaAllSpecialists@4cc0edeb]" name="arquillianAfterTest" is-config="true" duration-ms="0" started-at="2018-01-04T08:06:38Z" finished-at="2018-01-04T08:06:38Z">
          <params>
            <param index="0">
              <value>
                <![CDATA[public void org.Test.TestTest.TestLuxmedPacjentPediatriaAllSpecialists.ClickRezerwacja1()]]>
              </value>
            </param>
          </params>
          <reporter-output>
          </reporter-output>
        </test-method> <!-- arquillianAfterTest -->
        <test-method status="PASS" signature="arquillianBeforeTest(java.lang.reflect.Method)[pri:0, instance:org.Test.TestTest.TestLuxmedPacjentPediatriaAllSpecialists@4cc0edeb]" name="arquillianBeforeTest" is-config="true" duration-ms="149" started-at="2018-01-04T08:06:38Z" finished-at="2018-01-04T08:06:38Z">
          <params>
            <param index="0">
              <value>
                <![CDATA[public void org.Test.TestTest.TestLuxmedPacjentPediatriaAllSpecialists.ChoseRodzajRezerwacji1() throws java.lang.Exception]]>
              </value>
            </param>
          </params>
          <reporter-output>
          </reporter-output>
        </test-method> <!-- arquillianBeforeTest -->
        <test-method status="PASS" signature="ChoseRodzajRezerwacji1()[pri:0, instance:org.Test.TestTest.TestLuxmedPacjentPediatriaAllSpecialists@4cc0edeb]" name="ChoseRodzajRezerwacji1" duration-ms="1706" started-at="2018-01-04T08:06:38Z" description="Wybieranie rodzaju wizyty" finished-at="2018-01-04T08:06:40Z">
          <reporter-output>
          </reporter-output>
        </test-method> <!-- ChoseRodzajRezerwacji1 -->
        <test-method status="PASS" signature="arquillianAfterTest(java.lang.reflect.Method)[pri:0, instance:org.Test.TestTest.TestLuxmedPacjentPediatriaAllSpecialists@4cc0edeb]" name="arquillianAfterTest" is-config="true" duration-ms="1" started-at="2018-01-04T08:06:40Z" finished-at="2018-01-04T08:06:40Z">
          <params>
            <param index="0">
              <value>
                <![CDATA[public void org.Test.TestTest.TestLuxmedPacjentPediatriaAllSpecialists.ChoseRodzajRezerwacji1() throws java.lang.Exception]]>
              </value>
            </param>
          </params>
          <reporter-output>
          </reporter-output>
        </test-method> <!-- arquillianAfterTest -->
        <test-method status="PASS" signature="arquillianBeforeTest(java.lang.reflect.Method)[pri:0, instance:org.Test.TestTest.TestLuxmedPacjentPediatriaAllSpecialists@4cc0edeb]" name="arquillianBeforeTest" is-config="true" duration-ms="186" started-at="2018-01-04T08:06:40Z" finished-at="2018-01-04T08:06:40Z">
          <params>
            <param index="0">
              <value>
                <![CDATA[public void org.Test.TestTest.TestLuxmedPacjentPediatriaAllSpecialists.choseLocationSpecialistPerson1() throws java.lang.Exception]]>
              </value>
            </param>
          </params>
          <reporter-output>
          </reporter-output>
        </test-method> <!-- arquillianBeforeTest -->
        <test-method status="PASS" signature="choseLocationSpecialistPerson1()[pri:0, instance:org.Test.TestTest.TestLuxmedPacjentPediatriaAllSpecialists@4cc0edeb]" name="choseLocationSpecialistPerson1" duration-ms="4410" started-at="2018-01-04T08:06:40Z" description="Wybór placówki" finished-at="2018-01-04T08:06:45Z">
          <reporter-output>
          </reporter-output>
        </test-method> <!-- choseLocationSpecialistPerson1 -->
        <test-method status="PASS" signature="arquillianAfterTest(java.lang.reflect.Method)[pri:0, instance:org.Test.TestTest.TestLuxmedPacjentPediatriaAllSpecialists@4cc0edeb]" name="arquillianAfterTest" is-config="true" duration-ms="4" started-at="2018-01-04T08:06:45Z" finished-at="2018-01-04T08:06:45Z">
          <params>
            <param index="0">
              <value>
                <![CDATA[public void org.Test.TestTest.TestLuxmedPacjentPediatriaAllSpecialists.choseLocationSpecialistPerson1() throws java.lang.Exception]]>
              </value>
            </param>
          </params>
          <reporter-output>
          </reporter-output>
        </test-method> <!-- arquillianAfterTest -->
        <test-method status="PASS" signature="arquillianBeforeTest(java.lang.reflect.Method)[pri:0, instance:org.Test.TestTest.TestLuxmedPacjentPediatriaAllSpecialists@4cc0edeb]" name="arquillianBeforeTest" is-config="true" duration-ms="159" started-at="2018-01-04T08:06:45Z" finished-at="2018-01-04T08:06:45Z">
          <params>
            <param index="0">
              <value>
                <![CDATA[public void org.Test.TestTest.TestLuxmedPacjentPediatriaAllSpecialists.choseSpecialist1() throws java.lang.Exception]]>
              </value>
            </param>
          </params>
          <reporter-output>
          </reporter-output>
        </test-method> <!-- arquillianBeforeTest -->
        <test-method status="PASS" signature="choseSpecialist1()[pri:0, instance:org.Test.TestTest.TestLuxmedPacjentPediatriaAllSpecialists@4cc0edeb]" name="choseSpecialist1" duration-ms="116" started-at="2018-01-04T08:06:45Z" description="Wybór specjalisty" finished-at="2018-01-04T08:06:45Z">
          <reporter-output>
          </reporter-output>
        </test-method> <!-- choseSpecialist1 -->
        <test-method status="PASS" signature="arquillianAfterTest(java.lang.reflect.Method)[pri:0, instance:org.Test.TestTest.TestLuxmedPacjentPediatriaAllSpecialists@4cc0edeb]" name="arquillianAfterTest" is-config="true" duration-ms="1" started-at="2018-01-04T08:06:45Z" finished-at="2018-01-04T08:06:45Z">
          <params>
            <param index="0">
              <value>
                <![CDATA[public void org.Test.TestTest.TestLuxmedPacjentPediatriaAllSpecialists.choseSpecialist1() throws java.lang.Exception]]>
              </value>
            </param>
          </params>
          <reporter-output>
          </reporter-output>
        </test-method> <!-- arquillianAfterTest -->
        <test-method status="PASS" signature="arquillianBeforeTest(java.lang.reflect.Method)[pri:0, instance:org.Test.TestTest.TestLuxmedPacjentPediatriaAllSpecialists@4cc0edeb]" name="arquillianBeforeTest" is-config="true" duration-ms="147" started-at="2018-01-04T08:06:45Z" finished-at="2018-01-04T08:06:45Z">
          <params>
            <param index="0">
              <value>
                <![CDATA[public void org.Test.TestTest.TestLuxmedPacjentPediatriaAllSpecialists.choseData1() throws java.lang.Exception]]>
              </value>
            </param>
          </params>
          <reporter-output>
          </reporter-output>
        </test-method> <!-- arquillianBeforeTest -->
        <test-method status="PASS" signature="choseData1()[pri:0, instance:org.Test.TestTest.TestLuxmedPacjentPediatriaAllSpecialists@4cc0edeb]" name="choseData1" duration-ms="10377" started-at="2018-01-04T08:06:45Z" description="Wybór daty urodzenia" finished-at="2018-01-04T08:06:55Z">
          <reporter-output>
          </reporter-output>
        </test-method> <!-- choseData1 -->
        <test-method status="PASS" signature="arquillianAfterTest(java.lang.reflect.Method)[pri:0, instance:org.Test.TestTest.TestLuxmedPacjentPediatriaAllSpecialists@4cc0edeb]" name="arquillianAfterTest" is-config="true" duration-ms="0" started-at="2018-01-04T08:06:55Z" finished-at="2018-01-04T08:06:55Z">
          <params>
            <param index="0">
              <value>
                <![CDATA[public void org.Test.TestTest.TestLuxmedPacjentPediatriaAllSpecialists.choseData1() throws java.lang.Exception]]>
              </value>
            </param>
          </params>
          <reporter-output>
          </reporter-output>
        </test-method> <!-- arquillianAfterTest -->
        <test-method status="PASS" signature="arquillianBeforeTest(java.lang.reflect.Method)[pri:0, instance:org.Test.TestTest.TestLuxmedPacjentPediatriaAllSpecialists@4cc0edeb]" name="arquillianBeforeTest" is-config="true" duration-ms="165" started-at="2018-01-04T08:06:55Z" finished-at="2018-01-04T08:06:56Z">
          <params>
            <param index="0">
              <value>
                <![CDATA[public void org.Test.TestTest.TestLuxmedPacjentPediatriaAllSpecialists.searchResults1() throws java.lang.Exception]]>
              </value>
            </param>
          </params>
          <reporter-output>
          </reporter-output>
        </test-method> <!-- arquillianBeforeTest -->
        <test-method status="PASS" signature="searchResults1()[pri:0, instance:org.Test.TestTest.TestLuxmedPacjentPediatriaAllSpecialists@4cc0edeb]" name="searchResults1" duration-ms="15536" started-at="2018-01-04T08:06:56Z" description="Wyszukuj wizyty" finished-at="2018-01-04T08:07:11Z">
          <reporter-output>
          </reporter-output>
        </test-method> <!-- searchResults1 -->
        <test-method status="PASS" signature="arquillianAfterTest(java.lang.reflect.Method)[pri:0, instance:org.Test.TestTest.TestLuxmedPacjentPediatriaAllSpecialists@4cc0edeb]" name="arquillianAfterTest" is-config="true" duration-ms="1" started-at="2018-01-04T08:07:11Z" finished-at="2018-01-04T08:07:11Z">
          <params>
            <param index="0">
              <value>
                <![CDATA[public void org.Test.TestTest.TestLuxmedPacjentPediatriaAllSpecialists.searchResults1() throws java.lang.Exception]]>
              </value>
            </param>
          </params>
          <reporter-output>
          </reporter-output>
        </test-method> <!-- arquillianAfterTest -->
        <test-method status="PASS" signature="arquillianBeforeTest(java.lang.reflect.Method)[pri:0, instance:org.Test.TestTest.TestLuxmedPacjentPediatriaAllSpecialists@4cc0edeb]" name="arquillianBeforeTest" is-config="true" duration-ms="158" started-at="2018-01-04T08:07:11Z" finished-at="2018-01-04T08:07:11Z">
          <params>
            <param index="0">
              <value>
                <![CDATA[public void org.Test.TestTest.TestLuxmedPacjentPediatriaAllSpecialists.printSpecWyniki1() throws java.lang.Exception]]>
              </value>
            </param>
          </params>
          <reporter-output>
          </reporter-output>
        </test-method> <!-- arquillianBeforeTest -->
        <test-method status="PASS" signature="printSpecWyniki1()[pri:0, instance:org.Test.TestTest.TestLuxmedPacjentPediatriaAllSpecialists@4cc0edeb]" name="printSpecWyniki1" duration-ms="1025" started-at="2018-01-04T08:07:11Z" description="Print wszystkich specialistów z datami wolnego terminu" finished-at="2018-01-04T08:07:12Z">
          <reporter-output>
          </reporter-output>
        </test-method> <!-- printSpecWyniki1 -->
        <test-method status="PASS" signature="arquillianAfterTest(java.lang.reflect.Method)[pri:0, instance:org.Test.TestTest.TestLuxmedPacjentPediatriaAllSpecialists@4cc0edeb]" name="arquillianAfterTest" is-config="true" duration-ms="1" started-at="2018-01-04T08:07:12Z" finished-at="2018-01-04T08:07:12Z">
          <params>
            <param index="0">
              <value>
                <![CDATA[public void org.Test.TestTest.TestLuxmedPacjentPediatriaAllSpecialists.printSpecWyniki1() throws java.lang.Exception]]>
              </value>
            </param>
          </params>
          <reporter-output>
          </reporter-output>
        </test-method> <!-- arquillianAfterTest -->
        <test-method status="PASS" signature="arquillianAfterClass()[pri:0, instance:org.Test.TestTest.TestLuxmedPacjentPediatriaAllSpecialists@4cc0edeb]" name="arquillianAfterClass" is-config="true" duration-ms="2120" started-at="2018-01-04T08:07:12Z" finished-at="2018-01-04T08:07:14Z">
          <reporter-output>
          </reporter-output>
        </test-method> <!-- arquillianAfterClass -->
      </class> <!-- org.Test.TestTest.TestLuxmedPacjentPediatriaAllSpecialists -->
    </test> <!-- MyTests -->
  </suite> <!-- LuxmedTest -->
</testng-results>
