<?xml version="1.0" encoding="UTF-8"?>
<testng-results skipped="0" failed="0" total="10" passed="10">
  <reporter-output>
  </reporter-output>
  <suite name="Default suite" duration-ms="60395" started-at="2018-01-04T12:28:34Z" finished-at="2018-01-04T12:29:34Z">
    <groups>
    </groups>
    <test name="Default test" duration-ms="60395" started-at="2018-01-04T12:28:34Z" finished-at="2018-01-04T12:29:34Z">
      <class name="org.Test.TestTest.TestLuxmedPacjentPediatriaAllSpecialists">
        <test-method status="PASS" signature="arquillianBeforeSuite()[pri:0, instance:org.Test.TestTest.TestLuxmedPacjentPediatriaAllSpecialists@370736d9]" name="arquillianBeforeSuite" is-config="true" duration-ms="898" started-at="2018-01-04T13:28:33Z" finished-at="2018-01-04T13:28:34Z">
          <reporter-output>
          </reporter-output>
        </test-method> <!-- arquillianBeforeSuite -->
        <test-method status="PASS" signature="arquillianBeforeClass()[pri:0, instance:org.Test.TestTest.TestLuxmedPacjentPediatriaAllSpecialists@370736d9]" name="arquillianBeforeClass" is-config="true" duration-ms="11" started-at="2018-01-04T13:28:34Z" finished-at="2018-01-04T13:28:34Z">
          <reporter-output>
          </reporter-output>
        </test-method> <!-- arquillianBeforeClass -->
        <test-method status="PASS" signature="arquillianBeforeTest(java.lang.reflect.Method)[pri:0, instance:org.Test.TestTest.TestLuxmedPacjentPediatriaAllSpecialists@370736d9]" name="arquillianBeforeTest" is-config="true" duration-ms="4315" started-at="2018-01-04T13:28:34Z" finished-at="2018-01-04T13:28:38Z">
          <params>
            <param index="0">
              <value>
                <![CDATA[public void org.Test.TestTest.TestLuxmedPacjentPediatriaAllSpecialists.LunchLuxmed1() throws java.lang.Exception]]>
              </value>
            </param>
          </params>
          <reporter-output>
          </reporter-output>
        </test-method> <!-- arquillianBeforeTest -->
        <test-method status="PASS" signature="LunchLuxmed1()[pri:0, instance:org.Test.TestTest.TestLuxmedPacjentPediatriaAllSpecialists@370736d9]" name="LunchLuxmed1" duration-ms="5790" started-at="2018-01-04T13:28:38Z" description="Otwieranie strony" finished-at="2018-01-04T13:28:44Z">
          <reporter-output>
          </reporter-output>
        </test-method> <!-- LunchLuxmed1 -->
        <test-method status="PASS" signature="arquillianAfterTest(java.lang.reflect.Method)[pri:0, instance:org.Test.TestTest.TestLuxmedPacjentPediatriaAllSpecialists@370736d9]" name="arquillianAfterTest" is-config="true" duration-ms="4" started-at="2018-01-04T13:28:44Z" finished-at="2018-01-04T13:28:44Z">
          <params>
            <param index="0">
              <value>
                <![CDATA[public void org.Test.TestTest.TestLuxmedPacjentPediatriaAllSpecialists.LunchLuxmed1() throws java.lang.Exception]]>
              </value>
            </param>
          </params>
          <reporter-output>
          </reporter-output>
        </test-method> <!-- arquillianAfterTest -->
        <test-method status="PASS" signature="arquillianBeforeTest(java.lang.reflect.Method)[pri:0, instance:org.Test.TestTest.TestLuxmedPacjentPediatriaAllSpecialists@370736d9]" name="arquillianBeforeTest" is-config="true" duration-ms="308" started-at="2018-01-04T13:28:44Z" finished-at="2018-01-04T13:28:44Z">
          <params>
            <param index="0">
              <value>
                <![CDATA[public void org.Test.TestTest.TestLuxmedPacjentPediatriaAllSpecialists.ChosePacjent1()]]>
              </value>
            </param>
          </params>
          <reporter-output>
          </reporter-output>
        </test-method> <!-- arquillianBeforeTest -->
        <test-method status="PASS" signature="ChosePacjent1()[pri:0, instance:org.Test.TestTest.TestLuxmedPacjentPediatriaAllSpecialists@370736d9]" name="ChosePacjent1" duration-ms="9193" started-at="2018-01-04T13:28:44Z" description="Wybieranie opcji pacjent" finished-at="2018-01-04T13:28:54Z">
          <reporter-output>
          </reporter-output>
        </test-method> <!-- ChosePacjent1 -->
        <test-method status="PASS" signature="arquillianAfterTest(java.lang.reflect.Method)[pri:0, instance:org.Test.TestTest.TestLuxmedPacjentPediatriaAllSpecialists@370736d9]" name="arquillianAfterTest" is-config="true" duration-ms="2" started-at="2018-01-04T13:28:54Z" finished-at="2018-01-04T13:28:54Z">
          <params>
            <param index="0">
              <value>
                <![CDATA[public void org.Test.TestTest.TestLuxmedPacjentPediatriaAllSpecialists.ChosePacjent1()]]>
              </value>
            </param>
          </params>
          <reporter-output>
          </reporter-output>
        </test-method> <!-- arquillianAfterTest -->
        <test-method status="PASS" signature="arquillianBeforeTest(java.lang.reflect.Method)[pri:0, instance:org.Test.TestTest.TestLuxmedPacjentPediatriaAllSpecialists@370736d9]" name="arquillianBeforeTest" is-config="true" duration-ms="298" started-at="2018-01-04T13:28:54Z" finished-at="2018-01-04T13:28:54Z">
          <params>
            <param index="0">
              <value>
                <![CDATA[public void org.Test.TestTest.TestLuxmedPacjentPediatriaAllSpecialists.CheckUrl1()]]>
              </value>
            </param>
          </params>
          <reporter-output>
          </reporter-output>
        </test-method> <!-- arquillianBeforeTest -->
        <test-method status="PASS" signature="CheckUrl1()[pri:0, instance:org.Test.TestTest.TestLuxmedPacjentPediatriaAllSpecialists@370736d9]" name="CheckUrl1" duration-ms="270" started-at="2018-01-04T13:28:54Z" description="Potwierdzanie Url" finished-at="2018-01-04T13:28:54Z">
          <reporter-output>
          </reporter-output>
        </test-method> <!-- CheckUrl1 -->
        <test-method status="PASS" signature="arquillianAfterTest(java.lang.reflect.Method)[pri:0, instance:org.Test.TestTest.TestLuxmedPacjentPediatriaAllSpecialists@370736d9]" name="arquillianAfterTest" is-config="true" duration-ms="2" started-at="2018-01-04T13:28:54Z" finished-at="2018-01-04T13:28:54Z">
          <params>
            <param index="0">
              <value>
                <![CDATA[public void org.Test.TestTest.TestLuxmedPacjentPediatriaAllSpecialists.CheckUrl1()]]>
              </value>
            </param>
          </params>
          <reporter-output>
          </reporter-output>
        </test-method> <!-- arquillianAfterTest -->
        <test-method status="PASS" signature="arquillianBeforeTest(java.lang.reflect.Method)[pri:0, instance:org.Test.TestTest.TestLuxmedPacjentPediatriaAllSpecialists@370736d9]" name="arquillianBeforeTest" is-config="true" duration-ms="341" started-at="2018-01-04T13:28:54Z" finished-at="2018-01-04T13:28:55Z">
          <params>
            <param index="0">
              <value>
                <![CDATA[public void org.Test.TestTest.TestLuxmedPacjentPediatriaAllSpecialists.ClickRezerwacja1()]]>
              </value>
            </param>
          </params>
          <reporter-output>
          </reporter-output>
        </test-method> <!-- arquillianBeforeTest -->
        <test-method status="PASS" signature="ClickRezerwacja1()[pri:0, instance:org.Test.TestTest.TestLuxmedPacjentPediatriaAllSpecialists@370736d9]" name="ClickRezerwacja1" duration-ms="3235" started-at="2018-01-04T13:28:55Z" description="Wybieranie Rezerwacji" finished-at="2018-01-04T13:28:58Z">
          <reporter-output>
          </reporter-output>
        </test-method> <!-- ClickRezerwacja1 -->
        <test-method status="PASS" signature="arquillianAfterTest(java.lang.reflect.Method)[pri:0, instance:org.Test.TestTest.TestLuxmedPacjentPediatriaAllSpecialists@370736d9]" name="arquillianAfterTest" is-config="true" duration-ms="1" started-at="2018-01-04T13:28:58Z" finished-at="2018-01-04T13:28:58Z">
          <params>
            <param index="0">
              <value>
                <![CDATA[public void org.Test.TestTest.TestLuxmedPacjentPediatriaAllSpecialists.ClickRezerwacja1()]]>
              </value>
            </param>
          </params>
          <reporter-output>
          </reporter-output>
        </test-method> <!-- arquillianAfterTest -->
        <test-method status="PASS" signature="arquillianBeforeTest(java.lang.reflect.Method)[pri:0, instance:org.Test.TestTest.TestLuxmedPacjentPediatriaAllSpecialists@370736d9]" name="arquillianBeforeTest" is-config="true" duration-ms="159" started-at="2018-01-04T13:28:58Z" finished-at="2018-01-04T13:28:58Z">
          <params>
            <param index="0">
              <value>
                <![CDATA[public void org.Test.TestTest.TestLuxmedPacjentPediatriaAllSpecialists.ChoseRodzajRezerwacji1() throws java.lang.Exception]]>
              </value>
            </param>
          </params>
          <reporter-output>
          </reporter-output>
        </test-method> <!-- arquillianBeforeTest -->
        <test-method status="PASS" signature="ChoseRodzajRezerwacji1()[pri:0, instance:org.Test.TestTest.TestLuxmedPacjentPediatriaAllSpecialists@370736d9]" name="ChoseRodzajRezerwacji1" duration-ms="1542" started-at="2018-01-04T13:28:58Z" description="Wybieranie rodzaju wizyty" finished-at="2018-01-04T13:28:59Z">
          <reporter-output>
          </reporter-output>
        </test-method> <!-- ChoseRodzajRezerwacji1 -->
        <test-method status="PASS" signature="arquillianAfterTest(java.lang.reflect.Method)[pri:0, instance:org.Test.TestTest.TestLuxmedPacjentPediatriaAllSpecialists@370736d9]" name="arquillianAfterTest" is-config="true" duration-ms="1" started-at="2018-01-04T13:28:59Z" finished-at="2018-01-04T13:28:59Z">
          <params>
            <param index="0">
              <value>
                <![CDATA[public void org.Test.TestTest.TestLuxmedPacjentPediatriaAllSpecialists.ChoseRodzajRezerwacji1() throws java.lang.Exception]]>
              </value>
            </param>
          </params>
          <reporter-output>
          </reporter-output>
        </test-method> <!-- arquillianAfterTest -->
        <test-method status="PASS" signature="arquillianBeforeTest(java.lang.reflect.Method)[pri:0, instance:org.Test.TestTest.TestLuxmedPacjentPediatriaAllSpecialists@370736d9]" name="arquillianBeforeTest" is-config="true" duration-ms="157" started-at="2018-01-04T13:28:59Z" finished-at="2018-01-04T13:29:00Z">
          <params>
            <param index="0">
              <value>
                <![CDATA[public void org.Test.TestTest.TestLuxmedPacjentPediatriaAllSpecialists.choseLocationSpecialistPerson1() throws java.lang.Exception]]>
              </value>
            </param>
          </params>
          <reporter-output>
          </reporter-output>
        </test-method> <!-- arquillianBeforeTest -->
        <test-method status="PASS" signature="choseLocationSpecialistPerson1()[pri:0, instance:org.Test.TestTest.TestLuxmedPacjentPediatriaAllSpecialists@370736d9]" name="choseLocationSpecialistPerson1" duration-ms="4312" started-at="2018-01-04T13:29:00Z" description="Wybór placówki" finished-at="2018-01-04T13:29:04Z">
          <reporter-output>
          </reporter-output>
        </test-method> <!-- choseLocationSpecialistPerson1 -->
        <test-method status="PASS" signature="arquillianAfterTest(java.lang.reflect.Method)[pri:0, instance:org.Test.TestTest.TestLuxmedPacjentPediatriaAllSpecialists@370736d9]" name="arquillianAfterTest" is-config="true" duration-ms="1" started-at="2018-01-04T13:29:04Z" finished-at="2018-01-04T13:29:04Z">
          <params>
            <param index="0">
              <value>
                <![CDATA[public void org.Test.TestTest.TestLuxmedPacjentPediatriaAllSpecialists.choseLocationSpecialistPerson1() throws java.lang.Exception]]>
              </value>
            </param>
          </params>
          <reporter-output>
          </reporter-output>
        </test-method> <!-- arquillianAfterTest -->
        <test-method status="PASS" signature="arquillianBeforeTest(java.lang.reflect.Method)[pri:0, instance:org.Test.TestTest.TestLuxmedPacjentPediatriaAllSpecialists@370736d9]" name="arquillianBeforeTest" is-config="true" duration-ms="154" started-at="2018-01-04T13:29:04Z" finished-at="2018-01-04T13:29:04Z">
          <params>
            <param index="0">
              <value>
                <![CDATA[public void org.Test.TestTest.TestLuxmedPacjentPediatriaAllSpecialists.choseSpecialist1() throws java.lang.Exception]]>
              </value>
            </param>
          </params>
          <reporter-output>
          </reporter-output>
        </test-method> <!-- arquillianBeforeTest -->
        <test-method status="PASS" signature="choseSpecialist1()[pri:0, instance:org.Test.TestTest.TestLuxmedPacjentPediatriaAllSpecialists@370736d9]" name="choseSpecialist1" duration-ms="159" started-at="2018-01-04T13:29:04Z" description="Wybór specjalisty" finished-at="2018-01-04T13:29:04Z">
          <reporter-output>
          </reporter-output>
        </test-method> <!-- choseSpecialist1 -->
        <test-method status="PASS" signature="arquillianAfterTest(java.lang.reflect.Method)[pri:0, instance:org.Test.TestTest.TestLuxmedPacjentPediatriaAllSpecialists@370736d9]" name="arquillianAfterTest" is-config="true" duration-ms="1" started-at="2018-01-04T13:29:04Z" finished-at="2018-01-04T13:29:04Z">
          <params>
            <param index="0">
              <value>
                <![CDATA[public void org.Test.TestTest.TestLuxmedPacjentPediatriaAllSpecialists.choseSpecialist1() throws java.lang.Exception]]>
              </value>
            </param>
          </params>
          <reporter-output>
          </reporter-output>
        </test-method> <!-- arquillianAfterTest -->
        <test-method status="PASS" signature="arquillianBeforeTest(java.lang.reflect.Method)[pri:0, instance:org.Test.TestTest.TestLuxmedPacjentPediatriaAllSpecialists@370736d9]" name="arquillianBeforeTest" is-config="true" duration-ms="152" started-at="2018-01-04T13:29:04Z" finished-at="2018-01-04T13:29:04Z">
          <params>
            <param index="0">
              <value>
                <![CDATA[public void org.Test.TestTest.TestLuxmedPacjentPediatriaAllSpecialists.choseData1() throws java.lang.Exception]]>
              </value>
            </param>
          </params>
          <reporter-output>
          </reporter-output>
        </test-method> <!-- arquillianBeforeTest -->
        <test-method status="PASS" signature="choseData1()[pri:0, instance:org.Test.TestTest.TestLuxmedPacjentPediatriaAllSpecialists@370736d9]" name="choseData1" duration-ms="10371" started-at="2018-01-04T13:29:04Z" description="Wybór daty urodzenia" finished-at="2018-01-04T13:29:15Z">
          <reporter-output>
          </reporter-output>
        </test-method> <!-- choseData1 -->
        <test-method status="PASS" signature="arquillianAfterTest(java.lang.reflect.Method)[pri:0, instance:org.Test.TestTest.TestLuxmedPacjentPediatriaAllSpecialists@370736d9]" name="arquillianAfterTest" is-config="true" duration-ms="1" started-at="2018-01-04T13:29:15Z" finished-at="2018-01-04T13:29:15Z">
          <params>
            <param index="0">
              <value>
                <![CDATA[public void org.Test.TestTest.TestLuxmedPacjentPediatriaAllSpecialists.choseData1() throws java.lang.Exception]]>
              </value>
            </param>
          </params>
          <reporter-output>
          </reporter-output>
        </test-method> <!-- arquillianAfterTest -->
        <test-method status="PASS" signature="arquillianBeforeTest(java.lang.reflect.Method)[pri:0, instance:org.Test.TestTest.TestLuxmedPacjentPediatriaAllSpecialists@370736d9]" name="arquillianBeforeTest" is-config="true" duration-ms="157" started-at="2018-01-04T13:29:15Z" finished-at="2018-01-04T13:29:15Z">
          <params>
            <param index="0">
              <value>
                <![CDATA[public void org.Test.TestTest.TestLuxmedPacjentPediatriaAllSpecialists.searchResults1() throws java.lang.Exception]]>
              </value>
            </param>
          </params>
          <reporter-output>
          </reporter-output>
        </test-method> <!-- arquillianBeforeTest -->
        <test-method status="PASS" signature="searchResults1()[pri:0, instance:org.Test.TestTest.TestLuxmedPacjentPediatriaAllSpecialists@370736d9]" name="searchResults1" duration-ms="15577" started-at="2018-01-04T13:29:15Z" description="Wyszukuj wizyty" finished-at="2018-01-04T13:29:31Z">
          <reporter-output>
          </reporter-output>
        </test-method> <!-- searchResults1 -->
        <test-method status="PASS" signature="arquillianAfterTest(java.lang.reflect.Method)[pri:0, instance:org.Test.TestTest.TestLuxmedPacjentPediatriaAllSpecialists@370736d9]" name="arquillianAfterTest" is-config="true" duration-ms="5" started-at="2018-01-04T13:29:31Z" finished-at="2018-01-04T13:29:31Z">
          <params>
            <param index="0">
              <value>
                <![CDATA[public void org.Test.TestTest.TestLuxmedPacjentPediatriaAllSpecialists.searchResults1() throws java.lang.Exception]]>
              </value>
            </param>
          </params>
          <reporter-output>
          </reporter-output>
        </test-method> <!-- arquillianAfterTest -->
        <test-method status="PASS" signature="arquillianBeforeTest(java.lang.reflect.Method)[pri:0, instance:org.Test.TestTest.TestLuxmedPacjentPediatriaAllSpecialists@370736d9]" name="arquillianBeforeTest" is-config="true" duration-ms="162" started-at="2018-01-04T13:29:31Z" finished-at="2018-01-04T13:29:31Z">
          <params>
            <param index="0">
              <value>
                <![CDATA[public void org.Test.TestTest.TestLuxmedPacjentPediatriaAllSpecialists.printSpecWyniki1() throws java.lang.Exception]]>
              </value>
            </param>
          </params>
          <reporter-output>
          </reporter-output>
        </test-method> <!-- arquillianBeforeTest -->
        <test-method status="PASS" signature="printSpecWyniki1()[pri:0, instance:org.Test.TestTest.TestLuxmedPacjentPediatriaAllSpecialists@370736d9]" name="printSpecWyniki1" duration-ms="1321" started-at="2018-01-04T13:29:31Z" description="Print wszystkich specialistów z datami wolnego terminu" finished-at="2018-01-04T13:29:32Z">
          <reporter-output>
          </reporter-output>
        </test-method> <!-- printSpecWyniki1 -->
        <test-method status="PASS" signature="arquillianAfterTest(java.lang.reflect.Method)[pri:0, instance:org.Test.TestTest.TestLuxmedPacjentPediatriaAllSpecialists@370736d9]" name="arquillianAfterTest" is-config="true" duration-ms="1" started-at="2018-01-04T13:29:32Z" finished-at="2018-01-04T13:29:32Z">
          <params>
            <param index="0">
              <value>
                <![CDATA[public void org.Test.TestTest.TestLuxmedPacjentPediatriaAllSpecialists.printSpecWyniki1() throws java.lang.Exception]]>
              </value>
            </param>
          </params>
          <reporter-output>
          </reporter-output>
        </test-method> <!-- arquillianAfterTest -->
        <test-method status="PASS" signature="arquillianAfterClass()[pri:0, instance:org.Test.TestTest.TestLuxmedPacjentPediatriaAllSpecialists@370736d9]" name="arquillianAfterClass" is-config="true" duration-ms="2378" started-at="2018-01-04T13:29:32Z" finished-at="2018-01-04T13:29:34Z">
          <reporter-output>
          </reporter-output>
        </test-method> <!-- arquillianAfterClass -->
        <test-method status="PASS" signature="arquillianAfterSuite()[pri:0, instance:org.Test.TestTest.TestLuxmedPacjentPediatriaAllSpecialists@370736d9]" name="arquillianAfterSuite" is-config="true" duration-ms="10" started-at="2018-01-04T13:29:34Z" finished-at="2018-01-04T13:29:34Z">
          <reporter-output>
          </reporter-output>
        </test-method> <!-- arquillianAfterSuite -->
      </class> <!-- org.Test.TestTest.TestLuxmedPacjentPediatriaAllSpecialists -->
    </test> <!-- Default test -->
  </suite> <!-- Default suite -->
</testng-results>
