<?xml version="1.0" encoding="UTF-8"?>
<!-- Generated by org.testng.reporters.JUnitXMLReporter -->
<testsuite hostname="BWAW_500" name="MyTests" tests="20" failures="0" timestamp="3 Jan 2018 09:29:12 GMT" time="175.57" errors="0">
  <testcase name="LunchLuxmed" time="5.958" classname="org.Test.TestTest.LuxmedPacjentPediatraAgnieszkaZubrzycka"/>
  <testcase name="ChosePacjent" time="9.093" classname="org.Test.TestTest.LuxmedPacjentPediatraAgnieszkaZubrzycka"/>
  <testcase name="CheckUrl" time="0.365" classname="org.Test.TestTest.LuxmedPacjentPediatraAgnieszkaZubrzycka"/>
  <testcase name="ClickRezerwacja" time="3.188" classname="org.Test.TestTest.LuxmedPacjentPediatraAgnieszkaZubrzycka"/>
  <testcase name="ChoseRodzajRezerwacji" time="6.369" classname="org.Test.TestTest.LuxmedPacjentPediatraAgnieszkaZubrzycka"/>
  <testcase name="choseLocationSpecialistPerson" time="7.316" classname="org.Test.TestTest.LuxmedPacjentPediatraAgnieszkaZubrzycka"/>
  <testcase name="choseSpecialist" time="9.193" classname="org.Test.TestTest.LuxmedPacjentPediatraAgnieszkaZubrzycka"/>
  <testcase name="choseData" time="10.265" classname="org.Test.TestTest.LuxmedPacjentPediatraAgnieszkaZubrzycka"/>
  <testcase name="searchResults" time="13.492" classname="org.Test.TestTest.LuxmedPacjentPediatraAgnieszkaZubrzycka"/>
  <testcase name="goVisitTypeAndResults" time="10.275" classname="org.Test.TestTest.LuxmedPacjentPediatraAgnieszkaZubrzycka"/>
  <testcase name="LunchLuxmed1" time="5.822" classname="org.Test.TestTest.TestLuxmedPacjentPediatriaAllSpecialists"/>
  <testcase name="ChosePacjent1" time="9.039" classname="org.Test.TestTest.TestLuxmedPacjentPediatriaAllSpecialists"/>
  <testcase name="CheckUrl1" time="0.323" classname="org.Test.TestTest.TestLuxmedPacjentPediatriaAllSpecialists"/>
  <testcase name="ClickRezerwacja1" time="4.721" classname="org.Test.TestTest.TestLuxmedPacjentPediatriaAllSpecialists"/>
  <testcase name="ChoseRodzajRezerwacji1" time="6.408" classname="org.Test.TestTest.TestLuxmedPacjentPediatriaAllSpecialists"/>
  <testcase name="choseLocationSpecialistPerson1" time="7.294" classname="org.Test.TestTest.TestLuxmedPacjentPediatriaAllSpecialists"/>
  <testcase name="choseSpecialist1" time="9.169" classname="org.Test.TestTest.TestLuxmedPacjentPediatriaAllSpecialists"/>
  <testcase name="choseData1" time="10.39" classname="org.Test.TestTest.TestLuxmedPacjentPediatriaAllSpecialists"/>
  <testcase name="searchResults1" time="15.556" classname="org.Test.TestTest.TestLuxmedPacjentPediatriaAllSpecialists"/>
  <testcase name="printSpecWyniki1" time="15.953" classname="org.Test.TestTest.TestLuxmedPacjentPediatriaAllSpecialists"/>
</testsuite> <!-- MyTests -->
