<?xml version="1.0" encoding="UTF-8"?>
<!-- Generated by org.testng.reporters.JUnitXMLReporter -->
<testsuite hostname="BWAW_500" name="MyTests" tests="20" failures="0" timestamp="2 Jan 2018 11:02:14 GMT" time="158.596" errors="0">
  <testcase name="LunchLuxmed" time="6.256" classname="org.Test.TestTest.LuxmedPacjentPediatraAgnieszkaZubrzycka"/>
  <testcase name="ChosePacjent" time="9.098" classname="org.Test.TestTest.LuxmedPacjentPediatraAgnieszkaZubrzycka"/>
  <testcase name="CheckUrl" time="0.38" classname="org.Test.TestTest.LuxmedPacjentPediatraAgnieszkaZubrzycka"/>
  <testcase name="ClickRezerwacja" time="3.745" classname="org.Test.TestTest.LuxmedPacjentPediatraAgnieszkaZubrzycka"/>
  <testcase name="ChoseRodzajRezerwacji" time="4.66" classname="org.Test.TestTest.LuxmedPacjentPediatraAgnieszkaZubrzycka"/>
  <testcase name="choseLocationSpecialistPerson" time="7.423" classname="org.Test.TestTest.LuxmedPacjentPediatraAgnieszkaZubrzycka"/>
  <testcase name="choseSpecialist" time="9.149" classname="org.Test.TestTest.LuxmedPacjentPediatraAgnieszkaZubrzycka"/>
  <testcase name="choseData" time="10.346" classname="org.Test.TestTest.LuxmedPacjentPediatraAgnieszkaZubrzycka"/>
  <testcase name="searchResults" time="14.188" classname="org.Test.TestTest.LuxmedPacjentPediatraAgnieszkaZubrzycka"/>
  <testcase name="goVisitTypeAndResults" time="10.274" classname="org.Test.TestTest.LuxmedPacjentPediatraAgnieszkaZubrzycka"/>
  <testcase name="LunchLuxmed1" time="5.894" classname="org.Test.TestTest.TestLuxmedPacjentPediatriaAllSpecialists"/>
  <testcase name="ChosePacjent1" time="9.019" classname="org.Test.TestTest.TestLuxmedPacjentPediatriaAllSpecialists"/>
  <testcase name="CheckUrl1" time="0.267" classname="org.Test.TestTest.TestLuxmedPacjentPediatriaAllSpecialists"/>
  <testcase name="ClickRezerwacja1" time="3.427" classname="org.Test.TestTest.TestLuxmedPacjentPediatriaAllSpecialists"/>
  <testcase name="ChoseRodzajRezerwacji1" time="4.631" classname="org.Test.TestTest.TestLuxmedPacjentPediatriaAllSpecialists"/>
  <testcase name="choseLocationSpecialistPerson1" time="7.238" classname="org.Test.TestTest.TestLuxmedPacjentPediatriaAllSpecialists"/>
  <testcase name="choseSpecialist1" time="9.14" classname="org.Test.TestTest.TestLuxmedPacjentPediatriaAllSpecialists"/>
  <testcase name="choseData1" time="10.42" classname="org.Test.TestTest.TestLuxmedPacjentPediatriaAllSpecialists"/>
  <testcase name="searchResults1" time="15.552" classname="org.Test.TestTest.TestLuxmedPacjentPediatriaAllSpecialists"/>
  <testcase name="printSpecWyniki1" time="1.374" classname="org.Test.TestTest.TestLuxmedPacjentPediatriaAllSpecialists"/>
</testsuite> <!-- MyTests -->
